TN:
SF:/Users/Josie/Travail/red2/client/src/components/Block.js
FN:23,(anonymous_0)
FNF:1
FNH:1
FNDA:1,(anonymous_0)
DA:3,2
DA:14,2
DA:19,2
DA:23,2
DA:24,1
LF:5
LH:5
BRDA:26,0,0,0
BRDA:26,0,1,1
BRDA:27,1,0,0
BRDA:27,1,1,0
BRDA:30,2,0,0
BRDA:30,2,1,1
BRDA:32,3,0,0
BRDA:32,3,1,1
BRF:8
BRH:3
end_of_record
TN:
SF:/Users/Josie/Travail/red2/client/src/components/MenuSubSection.js
FN:5,(anonymous_0)
FN:8,(anonymous_1)
FN:15,(anonymous_2)
FN:25,(anonymous_3)
FN:28,(anonymous_4)
FN:36,(anonymous_5)
FN:45,(anonymous_6)
FN:53,(anonymous_7)
FN:63,(anonymous_8)
FN:66,(anonymous_9)
FN:74,(anonymous_10)
FNF:11
FNH:4
FNDA:1,(anonymous_0)
FNDA:0,(anonymous_1)
FNDA:1,(anonymous_2)
FNDA:0,(anonymous_3)
FNDA:0,(anonymous_4)
FNDA:0,(anonymous_5)
FNDA:1,(anonymous_6)
FNDA:1,(anonymous_7)
FNDA:0,(anonymous_8)
FNDA:0,(anonymous_9)
FNDA:0,(anonymous_10)
DA:5,1
DA:6,1
DA:8,0
DA:15,1
DA:16,1
DA:18,1
DA:26,0
DA:29,0
DA:30,0
DA:31,0
DA:32,0
DA:37,0
DA:45,1
DA:46,1
DA:53,1
DA:54,1
DA:56,1
DA:64,0
DA:67,0
DA:68,0
DA:69,0
DA:75,0
DA:83,1
DA:84,1
DA:85,1
DA:86,1
LF:26
LH:14
BRDA:7,0,0,0
BRDA:7,0,1,1
BRDA:19,1,0,0
BRDA:19,1,1,1
BRDA:29,2,0,0
BRDA:29,2,1,0
BRDA:30,3,0,0
BRDA:30,3,1,0
BRDA:37,4,0,0
BRDA:37,4,1,0
BRDA:47,5,0,0
BRDA:47,5,1,1
BRDA:57,6,0,0
BRDA:57,6,1,1
BRDA:67,7,0,0
BRDA:67,7,1,0
BRDA:68,8,0,0
BRDA:68,8,1,0
BRDA:75,9,0,0
BRDA:75,9,1,0
BRF:20
BRH:4
end_of_record
TN:
SF:/Users/Josie/Travail/red2/client/src/components/OnlineListPopup.js
FN:4,(anonymous_0)
FN:40,(anonymous_1)
FN:46,(anonymous_2)
FN:55,(anonymous_3)
FNF:4
FNH:2
FNDA:3,(anonymous_0)
FNDA:1,(anonymous_1)
FNDA:0,(anonymous_2)
FNDA:0,(anonymous_3)
DA:4,3
DA:40,3
DA:41,1
DA:47,0
DA:55,0
LF:5
LH:3
BRDA:45,0,0,0
BRDA:45,0,1,1
BRDA:49,1,0,0
BRDA:49,1,1,0
BRF:4
BRH:1
end_of_record
TN:
SF:/Users/Josie/Travail/red2/client/src/components/Option.js
FN:5,(anonymous_0)
FN:11,(anonymous_1)
FN:12,(anonymous_2)
FNF:3
FNH:1
FNDA:1,(anonymous_0)
FNDA:0,(anonymous_1)
FNDA:0,(anonymous_2)
DA:5,1
DA:6,1
DA:7,1
DA:8,1
DA:11,0
DA:13,0
DA:23,1
LF:7
LH:5
BRDA:11,0,0,0
BRDA:11,0,1,0
BRF:2
BRH:0
end_of_record
TN:
SF:/Users/Josie/Travail/red2/client/src/components/Popup.js
FN:4,(anonymous_0)
FN:40,(anonymous_1)
FN:50,(anonymous_2)
FNF:3
FNH:1
FNDA:1,(anonymous_0)
FNDA:0,(anonymous_1)
FNDA:0,(anonymous_2)
DA:4,1
DA:40,1
DA:41,0
DA:50,0
LF:4
LH:2
BRF:0
BRH:0
end_of_record
TN:
SF:/Users/Josie/Travail/red2/client/src/components/canFit.js
FN:1,(anonymous_0)
FN:4,(anonymous_1)
FN:5,(anonymous_2)
FNF:3
FNH:3
FNDA:1,(anonymous_0)
FNDA:4,(anonymous_1)
FNDA:16,(anonymous_2)
DA:1,1
DA:2,1
DA:4,1
DA:5,4
DA:6,16
DA:10,0
DA:14,1
LF:7
LH:6
BRDA:6,0,0,0
BRDA:6,0,1,16
BRDA:6,1,0,16
BRDA:6,1,1,4
BRDA:6,1,2,4
BRDA:6,1,3,4
BRDA:6,1,4,4
BRDA:6,1,5,4
BRF:8
BRH:7
end_of_record
TN:
SF:/Users/Josie/Travail/red2/client/src/components/initialState.js
FN:4,(anonymous_0)
FN:27,(anonymous_1)
FNF:2
FNH:2
FNDA:2,(anonymous_0)
FNDA:2,(anonymous_1)
DA:4,2
DA:5,2
DA:6,2
DA:7,0
DA:8,2
DA:24,2
DA:27,2
DA:28,2
LF:8
LH:7
BRDA:6,0,0,0
BRDA:6,0,1,2
BRF:2
BRH:1
end_of_record
TN:
SF:/Users/Josie/Travail/red2/client/src/reducers/reducer.js
FN:33,(anonymous_0)
FNF:1
FNH:1
FNDA:1,(anonymous_0)
DA:1,1
DA:2,1
DA:3,1
DA:4,1
DA:5,1
DA:6,1
DA:7,1
DA:8,1
DA:9,1
DA:10,1
DA:11,1
DA:12,1
DA:13,1
DA:15,1
DA:33,1
DA:34,1
DA:36,1
DA:44,0
DA:49,0
DA:54,0
DA:59,0
DA:64,0
DA:75,0
DA:82,0
DA:89,0
DA:97,0
DA:109,0
DA:114,0
DA:121,0
DA:128,0
LF:30
LH:17
BRDA:33,0,0,0
BRDA:34,1,0,1
BRDA:34,1,1,0
BRDA:34,1,2,0
BRDA:34,1,3,0
BRDA:34,1,4,0
BRDA:34,1,5,0
BRDA:34,1,6,0
BRDA:34,1,7,0
BRDA:34,1,8,0
BRDA:34,1,9,0
BRDA:34,1,10,0
BRDA:34,1,11,0
BRDA:34,1,12,0
BRDA:34,1,13,0
BRDA:70,2,0,0
BRDA:70,2,1,0
BRDA:71,3,0,0
BRDA:71,3,1,0
BRDA:92,4,0,0
BRDA:92,4,1,0
BRDA:93,5,0,0
BRDA:93,5,1,0
BRDA:94,6,0,0
BRDA:94,6,1,0
BRF:25
BRH:1
end_of_record
TN:
SF:/Users/Josie/Travail/red2/client/src/styles/Game-style.js
FN:3,(anonymous_0)
FNF:1
FNH:1
FNDA:1,(anonymous_0)
DA:1,2
DA:3,2
LF:2
LH:2
BRF:0
BRH:0
end_of_record
TN:
SF:/Users/Josie/Travail/red2/client/src/styles/Menu-styles.js
FNF:0
FNH:0
DA:3,3
DA:14,3
LF:2
LH:2
BRF:0
BRH:0
end_of_record
