{"/Users/Josie/Travail/red2/client/src/components/Block.js": {"path":"/Users/Josie/Travail/red2/client/src/components/Block.js","statementMap":{"0":{"start":{"line":3,"column":25},"end":{"line":12,"column":1}},"1":{"start":{"line":14,"column":27},"end":{"line":17,"column":1}},"2":{"start":{"line":19,"column":33},"end":{"line":21,"column":1}},"3":{"start":{"line":23,"column":21},"end":{"line":38,"column":1}},"4":{"start":{"line":24,"column":1},"end":{"line":37,"column":2}}},"fnMap":{"0":{"name":"(anonymous_0)","decl":{"start":{"line":23,"column":21},"end":{"line":23,"column":22}},"loc":{"start":{"line":23,"column":71},"end":{"line":38,"column":1}},"line":23}},"branchMap":{"0":{"loc":{"start":{"line":26,"column":10},"end":{"line":34,"column":132}},"type":"cond-expr","locations":[{"start":{"line":27,"column":6},"end":{"line":29,"column":74}},{"start":{"line":30,"column":6},"end":{"line":34,"column":132}}],"line":26},"1":{"loc":{"start":{"line":27,"column":6},"end":{"line":29,"column":74}},"type":"cond-expr","locations":[{"start":{"line":28,"column":7},"end":{"line":28,"column":79}},{"start":{"line":29,"column":7},"end":{"line":29,"column":74}}],"line":27},"2":{"loc":{"start":{"line":30,"column":6},"end":{"line":34,"column":132}},"type":"cond-expr","locations":[{"start":{"line":31,"column":7},"end":{"line":31,"column":141}},{"start":{"line":32,"column":7},"end":{"line":34,"column":132}}],"line":30},"3":{"loc":{"start":{"line":32,"column":7},"end":{"line":34,"column":132}},"type":"cond-expr","locations":[{"start":{"line":33,"column":8},"end":{"line":33,"column":107}},{"start":{"line":34,"column":8},"end":{"line":34,"column":132}}],"line":32}},"s":{"0":2,"1":2,"2":2,"3":2,"4":1},"f":{"0":1},"b":{"0":[0,1],"1":[0,0],"2":[0,1],"3":[0,1]},"_coverageSchema":"43e27e138ebf9cfc5966b082cf9a028302ed4184","hash":"d76fd6a8a36d36930e33255a3cd19193049ff4c7"}
,"/Users/Josie/Travail/red2/client/src/components/MenuSubSection.js": {"path":"/Users/Josie/Travail/red2/client/src/components/MenuSubSection.js","statementMap":{"0":{"start":{"line":5,"column":29},"end":{"line":13,"column":1}},"1":{"start":{"line":6,"column":4},"end":{"line":12,"column":5}},"2":{"start":{"line":8,"column":61},"end":{"line":8,"column":120}},"3":{"start":{"line":15,"column":31},"end":{"line":43,"column":1}},"4":{"start":{"line":16,"column":37},"end":{"line":16,"column":49}},"5":{"start":{"line":18,"column":4},"end":{"line":42,"column":5}},"6":{"start":{"line":26,"column":16},"end":{"line":26,"column":44}},"7":{"start":{"line":29,"column":16},"end":{"line":33,"column":17}},"8":{"start":{"line":30,"column":18},"end":{"line":32,"column":72}},"9":{"start":{"line":31,"column":20},"end":{"line":31,"column":38}},"10":{"start":{"line":32,"column":25},"end":{"line":32,"column":72}},"11":{"start":{"line":37,"column":14},"end":{"line":37,"column":53}},"12":{"start":{"line":37,"column":35},"end":{"line":37,"column":53}},"13":{"start":{"line":45,"column":33},"end":{"line":51,"column":1}},"14":{"start":{"line":46,"column":4},"end":{"line":50,"column":5}},"15":{"start":{"line":53,"column":29},"end":{"line":81,"column":1}},"16":{"start":{"line":54,"column":37},"end":{"line":54,"column":49}},"17":{"start":{"line":56,"column":4},"end":{"line":80,"column":5}},"18":{"start":{"line":64,"column":16},"end":{"line":64,"column":44}},"19":{"start":{"line":67,"column":16},"end":{"line":71,"column":17}},"20":{"start":{"line":68,"column":18},"end":{"line":70,"column":19}},"21":{"start":{"line":69,"column":20},"end":{"line":69,"column":38}},"22":{"start":{"line":75,"column":14},"end":{"line":75,"column":53}},"23":{"start":{"line":75,"column":35},"end":{"line":75,"column":53}},"24":{"start":{"line":83,"column":20},"end":{"line":83,"column":53}},"25":{"start":{"line":84,"column":22},"end":{"line":84,"column":57}},"26":{"start":{"line":85,"column":24},"end":{"line":85,"column":61}},"27":{"start":{"line":86,"column":20},"end":{"line":86,"column":53}}},"fnMap":{"0":{"name":"(anonymous_0)","decl":{"start":{"line":5,"column":29},"end":{"line":5,"column":30}},"loc":{"start":{"line":5,"column":74},"end":{"line":13,"column":1}},"line":5},"1":{"name":"(anonymous_1)","decl":{"start":{"line":8,"column":56},"end":{"line":8,"column":57}},"loc":{"start":{"line":8,"column":60},"end":{"line":8,"column":121}},"line":8},"2":{"name":"(anonymous_2)","decl":{"start":{"line":15,"column":31},"end":{"line":15,"column":32}},"loc":{"start":{"line":15,"column":67},"end":{"line":43,"column":1}},"line":15},"3":{"name":"(anonymous_3)","decl":{"start":{"line":25,"column":24},"end":{"line":25,"column":25}},"loc":{"start":{"line":25,"column":29},"end":{"line":27,"column":15}},"line":25},"4":{"name":"(anonymous_4)","decl":{"start":{"line":28,"column":25},"end":{"line":28,"column":26}},"loc":{"start":{"line":28,"column":30},"end":{"line":34,"column":15}},"line":28},"5":{"name":"(anonymous_5)","decl":{"start":{"line":36,"column":56},"end":{"line":36,"column":57}},"loc":{"start":{"line":36,"column":60},"end":{"line":38,"column":13}},"line":36},"6":{"name":"(anonymous_6)","decl":{"start":{"line":45,"column":33},"end":{"line":45,"column":34}},"loc":{"start":{"line":45,"column":51},"end":{"line":51,"column":1}},"line":45},"7":{"name":"(anonymous_7)","decl":{"start":{"line":53,"column":29},"end":{"line":53,"column":30}},"loc":{"start":{"line":53,"column":66},"end":{"line":81,"column":1}},"line":53},"8":{"name":"(anonymous_8)","decl":{"start":{"line":63,"column":24},"end":{"line":63,"column":25}},"loc":{"start":{"line":63,"column":29},"end":{"line":65,"column":15}},"line":63},"9":{"name":"(anonymous_9)","decl":{"start":{"line":66,"column":25},"end":{"line":66,"column":26}},"loc":{"start":{"line":66,"column":30},"end":{"line":72,"column":15}},"line":66},"10":{"name":"(anonymous_10)","decl":{"start":{"line":74,"column":56},"end":{"line":74,"column":57}},"loc":{"start":{"line":74,"column":60},"end":{"line":76,"column":13}},"line":74}},"branchMap":{"0":{"loc":{"start":{"line":7,"column":65},"end":{"line":7,"column":119}},"type":"cond-expr","locations":[{"start":{"line":7,"column":82},"end":{"line":7,"column":99}},{"start":{"line":7,"column":102},"end":{"line":7,"column":119}}],"line":7},"1":{"loc":{"start":{"line":19,"column":65},"end":{"line":19,"column":119}},"type":"cond-expr","locations":[{"start":{"line":19,"column":82},"end":{"line":19,"column":99}},{"start":{"line":19,"column":102},"end":{"line":19,"column":119}}],"line":19},"2":{"loc":{"start":{"line":29,"column":16},"end":{"line":33,"column":17}},"type":"if","locations":[{"start":{"line":29,"column":16},"end":{"line":33,"column":17}},{"start":{"line":29,"column":16},"end":{"line":33,"column":17}}],"line":29},"3":{"loc":{"start":{"line":30,"column":18},"end":{"line":32,"column":72}},"type":"if","locations":[{"start":{"line":30,"column":18},"end":{"line":32,"column":72}},{"start":{"line":30,"column":18},"end":{"line":32,"column":72}}],"line":30},"4":{"loc":{"start":{"line":37,"column":14},"end":{"line":37,"column":53}},"type":"if","locations":[{"start":{"line":37,"column":14},"end":{"line":37,"column":53}},{"start":{"line":37,"column":14},"end":{"line":37,"column":53}}],"line":37},"5":{"loc":{"start":{"line":47,"column":65},"end":{"line":47,"column":119}},"type":"cond-expr","locations":[{"start":{"line":47,"column":82},"end":{"line":47,"column":99}},{"start":{"line":47,"column":102},"end":{"line":47,"column":119}}],"line":47},"6":{"loc":{"start":{"line":57,"column":65},"end":{"line":57,"column":119}},"type":"cond-expr","locations":[{"start":{"line":57,"column":82},"end":{"line":57,"column":99}},{"start":{"line":57,"column":102},"end":{"line":57,"column":119}}],"line":57},"7":{"loc":{"start":{"line":67,"column":16},"end":{"line":71,"column":17}},"type":"if","locations":[{"start":{"line":67,"column":16},"end":{"line":71,"column":17}},{"start":{"line":67,"column":16},"end":{"line":71,"column":17}}],"line":67},"8":{"loc":{"start":{"line":68,"column":18},"end":{"line":70,"column":19}},"type":"if","locations":[{"start":{"line":68,"column":18},"end":{"line":70,"column":19}},{"start":{"line":68,"column":18},"end":{"line":70,"column":19}}],"line":68},"9":{"loc":{"start":{"line":75,"column":14},"end":{"line":75,"column":53}},"type":"if","locations":[{"start":{"line":75,"column":14},"end":{"line":75,"column":53}},{"start":{"line":75,"column":14},"end":{"line":75,"column":53}}],"line":75}},"s":{"0":1,"1":1,"2":0,"3":1,"4":1,"5":1,"6":0,"7":0,"8":0,"9":0,"10":0,"11":0,"12":0,"13":1,"14":1,"15":1,"16":1,"17":1,"18":0,"19":0,"20":0,"21":0,"22":0,"23":0,"24":1,"25":1,"26":1,"27":1},"f":{"0":1,"1":0,"2":1,"3":0,"4":0,"5":0,"6":1,"7":1,"8":0,"9":0,"10":0},"b":{"0":[0,1],"1":[0,1],"2":[0,0],"3":[0,0],"4":[0,0],"5":[0,1],"6":[0,1],"7":[0,0],"8":[0,0],"9":[0,0]},"_coverageSchema":"43e27e138ebf9cfc5966b082cf9a028302ed4184","hash":"cca4b0309f416a9952dfab4663d65c7f52088002"}
,"/Users/Josie/Travail/red2/client/src/components/OnlineListPopup.js": {"path":"/Users/Josie/Travail/red2/client/src/components/OnlineListPopup.js","statementMap":{"0":{"start":{"line":4,"column":22},"end":{"line":38,"column":2}},"1":{"start":{"line":4,"column":29},"end":{"line":38,"column":1}},"2":{"start":{"line":40,"column":21},"end":{"line":61,"column":1}},"3":{"start":{"line":41,"column":4},"end":{"line":60,"column":5}},"4":{"start":{"line":47,"column":11},"end":{"line":50,"column":18}},"5":{"start":{"line":55,"column":94},"end":{"line":55,"column":106}}},"fnMap":{"0":{"name":"(anonymous_0)","decl":{"start":{"line":4,"column":22},"end":{"line":4,"column":23}},"loc":{"start":{"line":4,"column":29},"end":{"line":38,"column":1}},"line":4},"1":{"name":"(anonymous_1)","decl":{"start":{"line":40,"column":21},"end":{"line":40,"column":22}},"loc":{"start":{"line":40,"column":60},"end":{"line":61,"column":1}},"line":40},"2":{"name":"(anonymous_2)","decl":{"start":{"line":46,"column":37},"end":{"line":46,"column":38}},"loc":{"start":{"line":46,"column":53},"end":{"line":51,"column":11}},"line":46},"3":{"name":"(anonymous_3)","decl":{"start":{"line":55,"column":89},"end":{"line":55,"column":90}},"loc":{"start":{"line":55,"column":93},"end":{"line":55,"column":107}},"line":55}},"branchMap":{"0":{"loc":{"start":{"line":45,"column":10},"end":{"line":52,"column":16}},"type":"cond-expr","locations":[{"start":{"line":46,"column":12},"end":{"line":51,"column":12}},{"start":{"line":52,"column":12},"end":{"line":52,"column":16}}],"line":45},"1":{"loc":{"start":{"line":49,"column":35},"end":{"line":49,"column":85}},"type":"cond-expr","locations":[{"start":{"line":49,"column":73},"end":{"line":49,"column":80}},{"start":{"line":49,"column":83},"end":{"line":49,"column":85}}],"line":49}},"s":{"0":3,"1":3,"2":3,"3":1,"4":0,"5":0},"f":{"0":3,"1":1,"2":0,"3":0},"b":{"0":[0,1],"1":[0,0]},"_coverageSchema":"43e27e138ebf9cfc5966b082cf9a028302ed4184","hash":"44832a97fd5ed8bf0daea2f42b723da7daeed204"}
,"/Users/Josie/Travail/red2/client/src/components/Option.js": {"path":"/Users/Josie/Travail/red2/client/src/components/Option.js","statementMap":{"0":{"start":{"line":5,"column":31},"end":{"line":21,"column":1}},"1":{"start":{"line":6,"column":60},"end":{"line":6,"column":65}},"2":{"start":{"line":7,"column":21},"end":{"line":7,"column":33}},"3":{"start":{"line":8,"column":2},"end":{"line":20,"column":3}},"4":{"start":{"line":11,"column":28},"end":{"line":11,"column":53}},"5":{"start":{"line":13,"column":12},"end":{"line":13,"column":23}},"6":{"start":{"line":23,"column":22},"end":{"line":23,"column":57}}},"fnMap":{"0":{"name":"(anonymous_0)","decl":{"start":{"line":5,"column":31},"end":{"line":5,"column":32}},"loc":{"start":{"line":5,"column":42},"end":{"line":21,"column":1}},"line":5},"1":{"name":"(anonymous_1)","decl":{"start":{"line":11,"column":22},"end":{"line":11,"column":23}},"loc":{"start":{"line":11,"column":27},"end":{"line":11,"column":54}},"line":11},"2":{"name":"(anonymous_2)","decl":{"start":{"line":12,"column":17},"end":{"line":12,"column":18}},"loc":{"start":{"line":12,"column":22},"end":{"line":14,"column":9}},"line":12}},"branchMap":{"0":{"loc":{"start":{"line":11,"column":28},"end":{"line":11,"column":53}},"type":"binary-expr","locations":[{"start":{"line":11,"column":28},"end":{"line":11,"column":39}},{"start":{"line":11,"column":43},"end":{"line":11,"column":53}}],"line":11}},"s":{"0":1,"1":1,"2":1,"3":1,"4":0,"5":0,"6":1},"f":{"0":1,"1":0,"2":0},"b":{"0":[0,0]},"_coverageSchema":"43e27e138ebf9cfc5966b082cf9a028302ed4184","hash":"c64fb5837714a38464dbc4c9309721850eea4018"}
,"/Users/Josie/Travail/red2/client/src/components/Popup.js": {"path":"/Users/Josie/Travail/red2/client/src/components/Popup.js","statementMap":{"0":{"start":{"line":4,"column":22},"end":{"line":38,"column":2}},"1":{"start":{"line":4,"column":29},"end":{"line":38,"column":1}},"2":{"start":{"line":40,"column":21},"end":{"line":56,"column":1}},"3":{"start":{"line":41,"column":4},"end":{"line":55,"column":5}},"4":{"start":{"line":50,"column":94},"end":{"line":50,"column":106}}},"fnMap":{"0":{"name":"(anonymous_0)","decl":{"start":{"line":4,"column":22},"end":{"line":4,"column":23}},"loc":{"start":{"line":4,"column":29},"end":{"line":38,"column":1}},"line":4},"1":{"name":"(anonymous_1)","decl":{"start":{"line":40,"column":21},"end":{"line":40,"column":22}},"loc":{"start":{"line":40,"column":55},"end":{"line":56,"column":1}},"line":40},"2":{"name":"(anonymous_2)","decl":{"start":{"line":50,"column":89},"end":{"line":50,"column":90}},"loc":{"start":{"line":50,"column":93},"end":{"line":50,"column":107}},"line":50}},"branchMap":{},"s":{"0":1,"1":1,"2":1,"3":0,"4":0},"f":{"0":1,"1":0,"2":0},"b":{},"_coverageSchema":"43e27e138ebf9cfc5966b082cf9a028302ed4184","hash":"65f8e906a1db0ffdbb1f65244f51d012e22bc098"}
,"/Users/Josie/Travail/red2/client/src/components/canFit.js": {"path":"/Users/Josie/Travail/red2/client/src/components/canFit.js","statementMap":{"0":{"start":{"line":1,"column":22},"end":{"line":15,"column":1}},"1":{"start":{"line":2,"column":11},"end":{"line":2,"column":15}},"2":{"start":{"line":4,"column":1},"end":{"line":13,"column":3}},"3":{"start":{"line":5,"column":2},"end":{"line":12,"column":4}},"4":{"start":{"line":6,"column":3},"end":{"line":11,"column":4}},"5":{"start":{"line":10,"column":5},"end":{"line":10,"column":16}},"6":{"start":{"line":14,"column":1},"end":{"line":14,"column":11}}},"fnMap":{"0":{"name":"(anonymous_0)","decl":{"start":{"line":1,"column":22},"end":{"line":1,"column":23}},"loc":{"start":{"line":1,"column":38},"end":{"line":15,"column":1}},"line":1},"1":{"name":"(anonymous_1)","decl":{"start":{"line":4,"column":20},"end":{"line":4,"column":21}},"loc":{"start":{"line":4,"column":31},"end":{"line":13,"column":2}},"line":4},"2":{"name":"(anonymous_2)","decl":{"start":{"line":5,"column":15},"end":{"line":5,"column":16}},"loc":{"start":{"line":5,"column":25},"end":{"line":12,"column":3}},"line":5}},"branchMap":{"0":{"loc":{"start":{"line":6,"column":3},"end":{"line":11,"column":4}},"type":"if","locations":[{"start":{"line":6,"column":3},"end":{"line":11,"column":4}},{"start":{"line":6,"column":3},"end":{"line":11,"column":4}}],"line":6},"1":{"loc":{"start":{"line":6,"column":7},"end":{"line":9,"column":58}},"type":"binary-expr","locations":[{"start":{"line":6,"column":7},"end":{"line":6,"column":14}},{"start":{"line":6,"column":20},"end":{"line":6,"column":37}},{"start":{"line":6,"column":42},"end":{"line":6,"column":75}},{"start":{"line":7,"column":4},"end":{"line":7,"column":38}},{"start":{"line":8,"column":4},"end":{"line":8,"column":37}},{"start":{"line":9,"column":4},"end":{"line":9,"column":56}}],"line":6}},"s":{"0":1,"1":1,"2":1,"3":4,"4":16,"5":0,"6":1},"f":{"0":1,"1":4,"2":16},"b":{"0":[0,16],"1":[16,4,4,4,4,4]},"_coverageSchema":"43e27e138ebf9cfc5966b082cf9a028302ed4184","hash":"d284e2f8e3c9f4bfbd3d706f16cbbcda50eae227"}
,"/Users/Josie/Travail/red2/client/src/components/initialState.js": {"path":"/Users/Josie/Travail/red2/client/src/components/initialState.js","statementMap":{"0":{"start":{"line":4,"column":33},"end":{"line":25,"column":1}},"1":{"start":{"line":5,"column":12},"end":{"line":5,"column":15}},"2":{"start":{"line":6,"column":1},"end":{"line":7,"column":21}},"3":{"start":{"line":7,"column":2},"end":{"line":7,"column":21}},"4":{"start":{"line":8,"column":15},"end":{"line":23,"column":2}},"5":{"start":{"line":24,"column":1},"end":{"line":24,"column":14}},"6":{"start":{"line":27,"column":33},"end":{"line":49,"column":3}},"7":{"start":{"line":28,"column":1},"end":{"line":49,"column":2}}},"fnMap":{"0":{"name":"(anonymous_0)","decl":{"start":{"line":4,"column":33},"end":{"line":4,"column":34}},"loc":{"start":{"line":4,"column":50},"end":{"line":25,"column":1}},"line":4},"1":{"name":"(anonymous_1)","decl":{"start":{"line":27,"column":33},"end":{"line":27,"column":34}},"loc":{"start":{"line":28,"column":1},"end":{"line":49,"column":2}},"line":28}},"branchMap":{"0":{"loc":{"start":{"line":6,"column":1},"end":{"line":7,"column":21}},"type":"if","locations":[{"start":{"line":6,"column":1},"end":{"line":7,"column":21}},{"start":{"line":6,"column":1},"end":{"line":7,"column":21}}],"line":6}},"s":{"0":2,"1":2,"2":2,"3":0,"4":2,"5":2,"6":2,"7":2},"f":{"0":2,"1":2},"b":{"0":[0,2]},"_coverageSchema":"43e27e138ebf9cfc5966b082cf9a028302ed4184","hash":"e0db8e721a64b4638c479b94222b67c2c50db34d"}
,"/Users/Josie/Travail/red2/client/src/reducers/reducer.js": {"path":"/Users/Josie/Travail/red2/client/src/reducers/reducer.js","statementMap":{"0":{"start":{"line":1,"column":30},"end":{"line":1,"column":46}},"1":{"start":{"line":2,"column":28},"end":{"line":2,"column":42}},"2":{"start":{"line":3,"column":27},"end":{"line":3,"column":40}},"3":{"start":{"line":4,"column":27},"end":{"line":4,"column":40}},"4":{"start":{"line":5,"column":27},"end":{"line":5,"column":40}},"5":{"start":{"line":6,"column":26},"end":{"line":6,"column":38}},"6":{"start":{"line":7,"column":24},"end":{"line":7,"column":34}},"7":{"start":{"line":8,"column":32},"end":{"line":8,"column":50}},"8":{"start":{"line":9,"column":30},"end":{"line":9,"column":46}},"9":{"start":{"line":10,"column":26},"end":{"line":10,"column":38}},"10":{"start":{"line":11,"column":27},"end":{"line":11,"column":40}},"11":{"start":{"line":12,"column":27},"end":{"line":12,"column":40}},"12":{"start":{"line":13,"column":27},"end":{"line":13,"column":40}},"13":{"start":{"line":15,"column":28},"end":{"line":31,"column":1}},"14":{"start":{"line":33,"column":27},"end":{"line":130,"column":1}},"15":{"start":{"line":34,"column":1},"end":{"line":129,"column":2}},"16":{"start":{"line":36,"column":3},"end":{"line":42,"column":4}},"17":{"start":{"line":44,"column":3},"end":{"line":47,"column":4}},"18":{"start":{"line":49,"column":3},"end":{"line":52,"column":4}},"19":{"start":{"line":54,"column":3},"end":{"line":57,"column":4}},"20":{"start":{"line":59,"column":3},"end":{"line":62,"column":4}},"21":{"start":{"line":64,"column":3},"end":{"line":73,"column":4}},"22":{"start":{"line":75,"column":3},"end":{"line":80,"column":4}},"23":{"start":{"line":82,"column":3},"end":{"line":87,"column":4}},"24":{"start":{"line":89,"column":3},"end":{"line":95,"column":4}},"25":{"start":{"line":97,"column":3},"end":{"line":107,"column":4}},"26":{"start":{"line":109,"column":3},"end":{"line":112,"column":4}},"27":{"start":{"line":114,"column":3},"end":{"line":119,"column":4}},"28":{"start":{"line":121,"column":3},"end":{"line":126,"column":4}},"29":{"start":{"line":128,"column":3},"end":{"line":128,"column":15}}},"fnMap":{"0":{"name":"(anonymous_0)","decl":{"start":{"line":33,"column":27},"end":{"line":33,"column":28}},"loc":{"start":{"line":33,"column":61},"end":{"line":130,"column":1}},"line":33}},"branchMap":{"0":{"loc":{"start":{"line":33,"column":28},"end":{"line":33,"column":48}},"type":"default-arg","locations":[{"start":{"line":33,"column":36},"end":{"line":33,"column":48}}],"line":33},"1":{"loc":{"start":{"line":34,"column":1},"end":{"line":129,"column":2}},"type":"switch","locations":[{"start":{"line":35,"column":2},"end":{"line":42,"column":4}},{"start":{"line":43,"column":2},"end":{"line":47,"column":4}},{"start":{"line":48,"column":2},"end":{"line":52,"column":4}},{"start":{"line":53,"column":2},"end":{"line":57,"column":4}},{"start":{"line":58,"column":2},"end":{"line":62,"column":4}},{"start":{"line":63,"column":2},"end":{"line":73,"column":4}},{"start":{"line":74,"column":2},"end":{"line":80,"column":4}},{"start":{"line":81,"column":2},"end":{"line":87,"column":4}},{"start":{"line":88,"column":2},"end":{"line":95,"column":4}},{"start":{"line":96,"column":2},"end":{"line":107,"column":4}},{"start":{"line":108,"column":2},"end":{"line":112,"column":4}},{"start":{"line":113,"column":2},"end":{"line":119,"column":4}},{"start":{"line":120,"column":2},"end":{"line":126,"column":4}},{"start":{"line":127,"column":2},"end":{"line":128,"column":15}}],"line":34},"2":{"loc":{"start":{"line":70,"column":13},"end":{"line":70,"column":46}},"type":"cond-expr","locations":[{"start":{"line":70,"column":34},"end":{"line":70,"column":39}},{"start":{"line":70,"column":42},"end":{"line":70,"column":46}}],"line":70},"3":{"loc":{"start":{"line":71,"column":17},"end":{"line":71,"column":92}},"type":"cond-expr","locations":[{"start":{"line":71,"column":54},"end":{"line":71,"column":72}},{"start":{"line":71,"column":75},"end":{"line":71,"column":92}}],"line":71},"4":{"loc":{"start":{"line":92,"column":17},"end":{"line":92,"column":92}},"type":"cond-expr","locations":[{"start":{"line":92,"column":54},"end":{"line":92,"column":72}},{"start":{"line":92,"column":75},"end":{"line":92,"column":92}}],"line":92},"5":{"loc":{"start":{"line":93,"column":12},"end":{"line":93,"column":77}},"type":"cond-expr","locations":[{"start":{"line":93,"column":49},"end":{"line":93,"column":62}},{"start":{"line":93,"column":65},"end":{"line":93,"column":77}}],"line":93},"6":{"loc":{"start":{"line":94,"column":12},"end":{"line":94,"column":56}},"type":"cond-expr","locations":[{"start":{"line":94,"column":28},"end":{"line":94,"column":41}},{"start":{"line":94,"column":44},"end":{"line":94,"column":56}}],"line":94}},"s":{"0":1,"1":1,"2":1,"3":1,"4":1,"5":1,"6":1,"7":1,"8":1,"9":1,"10":1,"11":1,"12":1,"13":1,"14":1,"15":1,"16":1,"17":0,"18":0,"19":0,"20":0,"21":0,"22":0,"23":0,"24":0,"25":0,"26":0,"27":0,"28":0,"29":0},"f":{"0":1},"b":{"0":[0],"1":[1,0,0,0,0,0,0,0,0,0,0,0,0,0],"2":[0,0],"3":[0,0],"4":[0,0],"5":[0,0],"6":[0,0]},"_coverageSchema":"43e27e138ebf9cfc5966b082cf9a028302ed4184","hash":"00fa58ac3f2db4c9b466652152b3a65f169a0769"}
,"/Users/Josie/Travail/red2/client/src/styles/Game-style.js": {"path":"/Users/Josie/Travail/red2/client/src/styles/Game-style.js","statementMap":{"0":{"start":{"line":1,"column":25},"end":{"line":1,"column":27}},"1":{"start":{"line":3,"column":25},"end":{"line":86,"column":2}},"2":{"start":{"line":3,"column":32},"end":{"line":86,"column":1}}},"fnMap":{"0":{"name":"(anonymous_0)","decl":{"start":{"line":3,"column":25},"end":{"line":3,"column":26}},"loc":{"start":{"line":3,"column":32},"end":{"line":86,"column":1}},"line":3}},"branchMap":{},"s":{"0":2,"1":2,"2":1},"f":{"0":1},"b":{},"_coverageSchema":"43e27e138ebf9cfc5966b082cf9a028302ed4184","hash":"562f4ca9b5593addc0c37b5bd147e7755db19a41"}
,"/Users/Josie/Travail/red2/client/src/styles/Menu-styles.js": {"path":"/Users/Josie/Travail/red2/client/src/styles/Menu-styles.js","statementMap":{"0":{"start":{"line":3,"column":24},"end":{"line":12,"column":3}},"1":{"start":{"line":14,"column":23},"end":{"line":167,"column":3}}},"fnMap":{},"branchMap":{},"s":{"0":3,"1":3},"f":{},"b":{},"_coverageSchema":"43e27e138ebf9cfc5966b082cf9a028302ed4184","hash":"733eb66fc2def0f9342ad7a8d9ad88fa0999d7cf"}
}
