{"/Users/Josie/Travail/Red-Tetris/src/client/index.js": {"path":"/Users/Josie/Travail/Red-Tetris/src/client/index.js","statementMap":{"0":{"start":{"line":11,"column":20},"end":{"line":21,"column":1}},"1":{"start":{"line":12,"column":19},"end":{"line":12,"column":78}},"2":{"start":{"line":13,"column":15},"end":{"line":13,"column":39}},"3":{"start":{"line":15,"column":1},"end":{"line":16,"column":19}},"4":{"start":{"line":16,"column":3},"end":{"line":16,"column":19}},"5":{"start":{"line":17,"column":18},"end":{"line":17,"column":48}},"6":{"start":{"line":18,"column":1},"end":{"line":19,"column":19}},"7":{"start":{"line":19,"column":3},"end":{"line":19,"column":19}},"8":{"start":{"line":20,"column":1},"end":{"line":20,"column":16}},"9":{"start":{"line":23,"column":16},"end":{"line":32,"column":1}},"10":{"start":{"line":24,"column":15},"end":{"line":24,"column":37}},"11":{"start":{"line":26,"column":1},"end":{"line":27,"column":19}},"12":{"start":{"line":27,"column":3},"end":{"line":27,"column":19}},"13":{"start":{"line":28,"column":14},"end":{"line":28,"column":44}},"14":{"start":{"line":29,"column":1},"end":{"line":30,"column":19}},"15":{"start":{"line":30,"column":3},"end":{"line":30,"column":19}},"16":{"start":{"line":31,"column":1},"end":{"line":31,"column":12}},"17":{"start":{"line":34,"column":12},"end":{"line":34,"column":41}},"18":{"start":{"line":35,"column":17},"end":{"line":35,"column":38}},"19":{"start":{"line":36,"column":13},"end":{"line":36,"column":30}},"20":{"start":{"line":38,"column":0},"end":{"line":41,"column":1}},"21":{"start":{"line":39,"column":1},"end":{"line":39,"column":21}},"22":{"start":{"line":40,"column":1},"end":{"line":40,"column":20}},"23":{"start":{"line":43,"column":0},"end":{"line":43,"column":131}},"24":{"start":{"line":48,"column":0},"end":{"line":48,"column":27}}},"fnMap":{"0":{"name":"(anonymous_0)","decl":{"start":{"line":11,"column":20},"end":{"line":11,"column":21}},"loc":{"start":{"line":11,"column":30},"end":{"line":21,"column":1}},"line":11},"1":{"name":"(anonymous_1)","decl":{"start":{"line":23,"column":16},"end":{"line":23,"column":17}},"loc":{"start":{"line":23,"column":26},"end":{"line":32,"column":1}},"line":23}},"branchMap":{"0":{"loc":{"start":{"line":12,"column":19},"end":{"line":12,"column":78}},"type":"cond-expr","locations":[{"start":{"line":12,"column":45},"end":{"line":12,"column":63}},{"start":{"line":12,"column":66},"end":{"line":12,"column":78}}],"line":12},"1":{"loc":{"start":{"line":15,"column":1},"end":{"line":16,"column":19}},"type":"if","locations":[{"start":{"line":15,"column":1},"end":{"line":16,"column":19}},{"start":{"line":15,"column":1},"end":{"line":16,"column":19}}],"line":15},"2":{"loc":{"start":{"line":18,"column":1},"end":{"line":19,"column":19}},"type":"if","locations":[{"start":{"line":18,"column":1},"end":{"line":19,"column":19}},{"start":{"line":18,"column":1},"end":{"line":19,"column":19}}],"line":18},"3":{"loc":{"start":{"line":26,"column":1},"end":{"line":27,"column":19}},"type":"if","locations":[{"start":{"line":26,"column":1},"end":{"line":27,"column":19}},{"start":{"line":26,"column":1},"end":{"line":27,"column":19}}],"line":26},"4":{"loc":{"start":{"line":29,"column":1},"end":{"line":30,"column":19}},"type":"if","locations":[{"start":{"line":29,"column":1},"end":{"line":30,"column":19}},{"start":{"line":29,"column":1},"end":{"line":30,"column":19}}],"line":29},"5":{"loc":{"start":{"line":38,"column":0},"end":{"line":41,"column":1}},"type":"if","locations":[{"start":{"line":38,"column":0},"end":{"line":41,"column":1}},{"start":{"line":38,"column":0},"end":{"line":41,"column":1}}],"line":38},"6":{"loc":{"start":{"line":38,"column":4},"end":{"line":38,"column":36}},"type":"binary-expr","locations":[{"start":{"line":38,"column":4},"end":{"line":38,"column":20}},{"start":{"line":38,"column":24},"end":{"line":38,"column":36}}],"line":38}},"s":{"0":0,"1":0,"2":0,"3":0,"4":0,"5":0,"6":0,"7":0,"8":0,"9":0,"10":0,"11":0,"12":0,"13":0,"14":0,"15":0,"16":0,"17":0,"18":0,"19":0,"20":0,"21":0,"22":0,"23":0,"24":0},"f":{"0":0,"1":0},"b":{"0":[0,0],"1":[0,0],"2":[0,0],"3":[0,0],"4":[0,0],"5":[0,0],"6":[0,0]},"hash":"fbf993b8b434014376d90699690908c5399c2bca"}
,"/Users/Josie/Travail/Red-Tetris/src/client/src/App.js": {"path":"/Users/Josie/Travail/Red-Tetris/src/client/src/App.js","statementMap":{"0":{"start":{"line":9,"column":19},"end":{"line":75,"column":1}},"1":{"start":{"line":10,"column":35},"end":{"line":10,"column":49}},"2":{"start":{"line":11,"column":32},"end":{"line":11,"column":69}},"3":{"start":{"line":13,"column":22},"end":{"line":15,"column":2}},"4":{"start":{"line":14,"column":2},"end":{"line":14,"column":20}},"5":{"start":{"line":17,"column":25},"end":{"line":19,"column":2}},"6":{"start":{"line":18,"column":2},"end":{"line":18,"column":18}},"7":{"start":{"line":21,"column":23},"end":{"line":35,"column":2}},"8":{"start":{"line":22,"column":2},"end":{"line":24,"column":4}},"9":{"start":{"line":23,"column":3},"end":{"line":23,"column":60}},"10":{"start":{"line":25,"column":2},"end":{"line":25,"column":39}},"11":{"start":{"line":26,"column":2},"end":{"line":26,"column":39}},"12":{"start":{"line":27,"column":2},"end":{"line":27,"column":42}},"13":{"start":{"line":28,"column":2},"end":{"line":28,"column":41}},"14":{"start":{"line":29,"column":2},"end":{"line":31,"column":4}},"15":{"start":{"line":30,"column":3},"end":{"line":30,"column":17}},"16":{"start":{"line":32,"column":2},"end":{"line":32,"column":36}},"17":{"start":{"line":33,"column":2},"end":{"line":33,"column":37}},"18":{"start":{"line":34,"column":2},"end":{"line":34,"column":39}},"19":{"start":{"line":36,"column":1},"end":{"line":38,"column":25}},"20":{"start":{"line":37,"column":2},"end":{"line":37,"column":63}},"21":{"start":{"line":37,"column":36},"end":{"line":37,"column":63}},"22":{"start":{"line":40,"column":1},"end":{"line":43,"column":7}},"23":{"start":{"line":41,"column":2},"end":{"line":41,"column":17}},"24":{"start":{"line":42,"column":2},"end":{"line":42,"column":29}},"25":{"start":{"line":45,"column":1},"end":{"line":74,"column":2}}},"fnMap":{"0":{"name":"(anonymous_0)","decl":{"start":{"line":9,"column":19},"end":{"line":9,"column":20}},"loc":{"start":{"line":9,"column":28},"end":{"line":75,"column":1}},"line":9},"1":{"name":"(anonymous_1)","decl":{"start":{"line":13,"column":22},"end":{"line":13,"column":23}},"loc":{"start":{"line":13,"column":28},"end":{"line":15,"column":2}},"line":13},"2":{"name":"(anonymous_2)","decl":{"start":{"line":17,"column":25},"end":{"line":17,"column":26}},"loc":{"start":{"line":17,"column":37},"end":{"line":19,"column":2}},"line":17},"3":{"name":"(anonymous_3)","decl":{"start":{"line":21,"column":23},"end":{"line":21,"column":24}},"loc":{"start":{"line":21,"column":29},"end":{"line":35,"column":2}},"line":21},"4":{"name":"(anonymous_4)","decl":{"start":{"line":22,"column":32},"end":{"line":22,"column":33}},"loc":{"start":{"line":22,"column":46},"end":{"line":24,"column":3}},"line":22},"5":{"name":"(anonymous_5)","decl":{"start":{"line":29,"column":27},"end":{"line":29,"column":28}},"loc":{"start":{"line":29,"column":35},"end":{"line":31,"column":3}},"line":29},"6":{"name":"(anonymous_6)","decl":{"start":{"line":36,"column":11},"end":{"line":36,"column":12}},"loc":{"start":{"line":36,"column":15},"end":{"line":38,"column":2}},"line":36},"7":{"name":"(anonymous_7)","decl":{"start":{"line":40,"column":11},"end":{"line":40,"column":12}},"loc":{"start":{"line":40,"column":15},"end":{"line":43,"column":2}},"line":40}},"branchMap":{"0":{"loc":{"start":{"line":37,"column":2},"end":{"line":37,"column":63}},"type":"if","locations":[{"start":{"line":37,"column":2},"end":{"line":37,"column":63}},{"start":{"line":37,"column":2},"end":{"line":37,"column":63}}],"line":37},"1":{"loc":{"start":{"line":58,"column":3},"end":{"line":71,"column":6}},"type":"cond-expr","locations":[{"start":{"line":59,"column":5},"end":{"line":64,"column":5}},{"start":{"line":65,"column":5},"end":{"line":71,"column":6}}],"line":58}},"s":{"0":1,"1":1,"2":1,"3":1,"4":0,"5":1,"6":0,"7":1,"8":1,"9":0,"10":1,"11":1,"12":1,"13":1,"14":1,"15":0,"16":1,"17":1,"18":1,"19":1,"20":1,"21":1,"22":1,"23":1,"24":1,"25":1},"f":{"0":1,"1":0,"2":0,"3":1,"4":0,"5":0,"6":1,"7":1},"b":{"0":[1,0],"1":[0,1]},"_coverageSchema":"43e27e138ebf9cfc5966b082cf9a028302ed4184","hash":"b9ba629361565623456e8e91fb86adcc35eb61fe"}
,"/Users/Josie/Travail/Red-Tetris/src/client/src/serviceWorker.js": {"path":"/Users/Josie/Travail/Red-Tetris/src/client/src/serviceWorker.js","statementMap":{"0":{"start":{"line":13,"column":20},"end":{"line":21,"column":1}},"1":{"start":{"line":24,"column":2},"end":{"line":54,"column":3}},"2":{"start":{"line":26,"column":22},"end":{"line":26,"column":75}},"3":{"start":{"line":27,"column":4},"end":{"line":32,"column":5}},"4":{"start":{"line":31,"column":6},"end":{"line":31,"column":13}},"5":{"start":{"line":34,"column":4},"end":{"line":53,"column":7}},"6":{"start":{"line":35,"column":20},"end":{"line":35,"column":65}},"7":{"start":{"line":37,"column":6},"end":{"line":52,"column":7}},"8":{"start":{"line":39,"column":8},"end":{"line":39,"column":47}},"9":{"start":{"line":43,"column":8},"end":{"line":48,"column":11}},"10":{"start":{"line":44,"column":10},"end":{"line":47,"column":12}},"11":{"start":{"line":51,"column":8},"end":{"line":51,"column":39}},"12":{"start":{"line":58,"column":2},"end":{"line":98,"column":7}},"13":{"start":{"line":61,"column":6},"end":{"line":94,"column":8}},"14":{"start":{"line":62,"column":33},"end":{"line":62,"column":56}},"15":{"start":{"line":63,"column":8},"end":{"line":65,"column":9}},"16":{"start":{"line":64,"column":10},"end":{"line":64,"column":17}},"17":{"start":{"line":66,"column":8},"end":{"line":93,"column":10}},"18":{"start":{"line":67,"column":10},"end":{"line":92,"column":11}},"19":{"start":{"line":68,"column":12},"end":{"line":91,"column":13}},"20":{"start":{"line":72,"column":14},"end":{"line":75,"column":16}},"21":{"start":{"line":78,"column":14},"end":{"line":80,"column":15}},"22":{"start":{"line":79,"column":16},"end":{"line":79,"column":46}},"23":{"start":{"line":85,"column":14},"end":{"line":85,"column":64}},"24":{"start":{"line":88,"column":14},"end":{"line":90,"column":15}},"25":{"start":{"line":89,"column":16},"end":{"line":89,"column":47}},"26":{"start":{"line":97,"column":6},"end":{"line":97,"column":72}},"27":{"start":{"line":103,"column":2},"end":{"line":126,"column":7}},"28":{"start":{"line":106,"column":26},"end":{"line":106,"column":62}},"29":{"start":{"line":107,"column":6},"end":{"line":120,"column":7}},"30":{"start":{"line":112,"column":8},"end":{"line":116,"column":11}},"31":{"start":{"line":113,"column":10},"end":{"line":115,"column":13}},"32":{"start":{"line":114,"column":12},"end":{"line":114,"column":37}},"33":{"start":{"line":119,"column":8},"end":{"line":119,"column":39}},"34":{"start":{"line":123,"column":6},"end":{"line":125,"column":8}},"35":{"start":{"line":130,"column":2},"end":{"line":134,"column":3}},"36":{"start":{"line":131,"column":4},"end":{"line":133,"column":7}},"37":{"start":{"line":132,"column":6},"end":{"line":132,"column":32}}},"fnMap":{"0":{"name":"register","decl":{"start":{"line":23,"column":16},"end":{"line":23,"column":24}},"loc":{"start":{"line":23,"column":33},"end":{"line":55,"column":1}},"line":23},"1":{"name":"(anonymous_1)","decl":{"start":{"line":34,"column":36},"end":{"line":34,"column":37}},"loc":{"start":{"line":34,"column":42},"end":{"line":53,"column":5}},"line":34},"2":{"name":"(anonymous_2)","decl":{"start":{"line":43,"column":43},"end":{"line":43,"column":44}},"loc":{"start":{"line":43,"column":49},"end":{"line":48,"column":9}},"line":43},"3":{"name":"registerValidSW","decl":{"start":{"line":57,"column":9},"end":{"line":57,"column":24}},"loc":{"start":{"line":57,"column":40},"end":{"line":99,"column":1}},"line":57},"4":{"name":"(anonymous_4)","decl":{"start":{"line":60,"column":10},"end":{"line":60,"column":11}},"loc":{"start":{"line":60,"column":26},"end":{"line":95,"column":5}},"line":60},"5":{"name":"(anonymous_5)","decl":{"start":{"line":61,"column":35},"end":{"line":61,"column":36}},"loc":{"start":{"line":61,"column":41},"end":{"line":94,"column":7}},"line":61},"6":{"name":"(anonymous_6)","decl":{"start":{"line":66,"column":41},"end":{"line":66,"column":42}},"loc":{"start":{"line":66,"column":47},"end":{"line":93,"column":9}},"line":66},"7":{"name":"(anonymous_7)","decl":{"start":{"line":96,"column":11},"end":{"line":96,"column":12}},"loc":{"start":{"line":96,"column":20},"end":{"line":98,"column":5}},"line":96},"8":{"name":"checkValidServiceWorker","decl":{"start":{"line":101,"column":9},"end":{"line":101,"column":32}},"loc":{"start":{"line":101,"column":48},"end":{"line":127,"column":1}},"line":101},"9":{"name":"(anonymous_9)","decl":{"start":{"line":104,"column":10},"end":{"line":104,"column":11}},"loc":{"start":{"line":104,"column":22},"end":{"line":121,"column":5}},"line":104},"10":{"name":"(anonymous_10)","decl":{"start":{"line":112,"column":43},"end":{"line":112,"column":44}},"loc":{"start":{"line":112,"column":59},"end":{"line":116,"column":9}},"line":112},"11":{"name":"(anonymous_11)","decl":{"start":{"line":113,"column":41},"end":{"line":113,"column":42}},"loc":{"start":{"line":113,"column":47},"end":{"line":115,"column":11}},"line":113},"12":{"name":"(anonymous_12)","decl":{"start":{"line":122,"column":11},"end":{"line":122,"column":12}},"loc":{"start":{"line":122,"column":17},"end":{"line":126,"column":5}},"line":122},"13":{"name":"unregister","decl":{"start":{"line":129,"column":16},"end":{"line":129,"column":26}},"loc":{"start":{"line":129,"column":29},"end":{"line":135,"column":1}},"line":129},"14":{"name":"(anonymous_14)","decl":{"start":{"line":131,"column":39},"end":{"line":131,"column":40}},"loc":{"start":{"line":131,"column":55},"end":{"line":133,"column":5}},"line":131}},"branchMap":{"0":{"loc":{"start":{"line":14,"column":2},"end":{"line":20,"column":5}},"type":"binary-expr","locations":[{"start":{"line":14,"column":2},"end":{"line":14,"column":42}},{"start":{"line":16,"column":4},"end":{"line":16,"column":40}},{"start":{"line":18,"column":4},"end":{"line":20,"column":5}}],"line":14},"1":{"loc":{"start":{"line":24,"column":2},"end":{"line":54,"column":3}},"type":"if","locations":[{"start":{"line":24,"column":2},"end":{"line":54,"column":3}},{"start":{"line":24,"column":2},"end":{"line":54,"column":3}}],"line":24},"2":{"loc":{"start":{"line":24,"column":6},"end":{"line":24,"column":75}},"type":"binary-expr","locations":[{"start":{"line":24,"column":6},"end":{"line":24,"column":43}},{"start":{"line":24,"column":47},"end":{"line":24,"column":75}}],"line":24},"3":{"loc":{"start":{"line":27,"column":4},"end":{"line":32,"column":5}},"type":"if","locations":[{"start":{"line":27,"column":4},"end":{"line":32,"column":5}},{"start":{"line":27,"column":4},"end":{"line":32,"column":5}}],"line":27},"4":{"loc":{"start":{"line":37,"column":6},"end":{"line":52,"column":7}},"type":"if","locations":[{"start":{"line":37,"column":6},"end":{"line":52,"column":7}},{"start":{"line":37,"column":6},"end":{"line":52,"column":7}}],"line":37},"5":{"loc":{"start":{"line":63,"column":8},"end":{"line":65,"column":9}},"type":"if","locations":[{"start":{"line":63,"column":8},"end":{"line":65,"column":9}},{"start":{"line":63,"column":8},"end":{"line":65,"column":9}}],"line":63},"6":{"loc":{"start":{"line":67,"column":10},"end":{"line":92,"column":11}},"type":"if","locations":[{"start":{"line":67,"column":10},"end":{"line":92,"column":11}},{"start":{"line":67,"column":10},"end":{"line":92,"column":11}}],"line":67},"7":{"loc":{"start":{"line":68,"column":12},"end":{"line":91,"column":13}},"type":"if","locations":[{"start":{"line":68,"column":12},"end":{"line":91,"column":13}},{"start":{"line":68,"column":12},"end":{"line":91,"column":13}}],"line":68},"8":{"loc":{"start":{"line":78,"column":14},"end":{"line":80,"column":15}},"type":"if","locations":[{"start":{"line":78,"column":14},"end":{"line":80,"column":15}},{"start":{"line":78,"column":14},"end":{"line":80,"column":15}}],"line":78},"9":{"loc":{"start":{"line":78,"column":18},"end":{"line":78,"column":43}},"type":"binary-expr","locations":[{"start":{"line":78,"column":18},"end":{"line":78,"column":24}},{"start":{"line":78,"column":28},"end":{"line":78,"column":43}}],"line":78},"10":{"loc":{"start":{"line":88,"column":14},"end":{"line":90,"column":15}},"type":"if","locations":[{"start":{"line":88,"column":14},"end":{"line":90,"column":15}},{"start":{"line":88,"column":14},"end":{"line":90,"column":15}}],"line":88},"11":{"loc":{"start":{"line":88,"column":18},"end":{"line":88,"column":44}},"type":"binary-expr","locations":[{"start":{"line":88,"column":18},"end":{"line":88,"column":24}},{"start":{"line":88,"column":28},"end":{"line":88,"column":44}}],"line":88},"12":{"loc":{"start":{"line":107,"column":6},"end":{"line":120,"column":7}},"type":"if","locations":[{"start":{"line":107,"column":6},"end":{"line":120,"column":7}},{"start":{"line":107,"column":6},"end":{"line":120,"column":7}}],"line":107},"13":{"loc":{"start":{"line":108,"column":8},"end":{"line":109,"column":73}},"type":"binary-expr","locations":[{"start":{"line":108,"column":8},"end":{"line":108,"column":31}},{"start":{"line":109,"column":9},"end":{"line":109,"column":28}},{"start":{"line":109,"column":32},"end":{"line":109,"column":72}}],"line":108},"14":{"loc":{"start":{"line":130,"column":2},"end":{"line":134,"column":3}},"type":"if","locations":[{"start":{"line":130,"column":2},"end":{"line":134,"column":3}},{"start":{"line":130,"column":2},"end":{"line":134,"column":3}}],"line":130}},"s":{"0":0,"1":0,"2":0,"3":0,"4":0,"5":0,"6":0,"7":0,"8":0,"9":0,"10":0,"11":0,"12":0,"13":0,"14":0,"15":0,"16":0,"17":0,"18":0,"19":0,"20":0,"21":0,"22":0,"23":0,"24":0,"25":0,"26":0,"27":0,"28":0,"29":0,"30":0,"31":0,"32":0,"33":0,"34":0,"35":0,"36":0,"37":0},"f":{"0":0,"1":0,"2":0,"3":0,"4":0,"5":0,"6":0,"7":0,"8":0,"9":0,"10":0,"11":0,"12":0,"13":0,"14":0},"b":{"0":[0,0,0],"1":[0,0],"2":[0,0],"3":[0,0],"4":[0,0],"5":[0,0],"6":[0,0],"7":[0,0],"8":[0,0],"9":[0,0],"10":[0,0],"11":[0,0],"12":[0,0],"13":[0,0,0],"14":[0,0]},"hash":"fa9ece5c38cbef695d849434fc902ebfb342725f"}
,"/Users/Josie/Travail/Red-Tetris/src/client/src/components/Block.js": {"path":"/Users/Josie/Travail/Red-Tetris/src/client/src/components/Block.js","statementMap":{"0":{"start":{"line":3,"column":25},"end":{"line":12,"column":1}},"1":{"start":{"line":14,"column":27},"end":{"line":17,"column":1}},"2":{"start":{"line":19,"column":33},"end":{"line":21,"column":1}},"3":{"start":{"line":23,"column":21},"end":{"line":38,"column":1}},"4":{"start":{"line":24,"column":1},"end":{"line":37,"column":2}}},"fnMap":{"0":{"name":"(anonymous_0)","decl":{"start":{"line":23,"column":21},"end":{"line":23,"column":22}},"loc":{"start":{"line":23,"column":71},"end":{"line":38,"column":1}},"line":23}},"branchMap":{"0":{"loc":{"start":{"line":26,"column":10},"end":{"line":34,"column":132}},"type":"cond-expr","locations":[{"start":{"line":27,"column":6},"end":{"line":29,"column":74}},{"start":{"line":30,"column":6},"end":{"line":34,"column":132}}],"line":26},"1":{"loc":{"start":{"line":27,"column":6},"end":{"line":29,"column":74}},"type":"cond-expr","locations":[{"start":{"line":28,"column":7},"end":{"line":28,"column":79}},{"start":{"line":29,"column":7},"end":{"line":29,"column":74}}],"line":27},"2":{"loc":{"start":{"line":30,"column":6},"end":{"line":34,"column":132}},"type":"cond-expr","locations":[{"start":{"line":31,"column":7},"end":{"line":31,"column":141}},{"start":{"line":32,"column":7},"end":{"line":34,"column":132}}],"line":30},"3":{"loc":{"start":{"line":32,"column":7},"end":{"line":34,"column":132}},"type":"cond-expr","locations":[{"start":{"line":33,"column":8},"end":{"line":33,"column":107}},{"start":{"line":34,"column":8},"end":{"line":34,"column":132}}],"line":32}},"s":{"0":1,"1":1,"2":1,"3":1,"4":3448},"f":{"0":3448},"b":{"0":[3215,233],"1":[1126,2089],"2":[36,197],"3":[74,123]},"_coverageSchema":"43e27e138ebf9cfc5966b082cf9a028302ed4184","hash":"d9bcc66aba6088dc12ad440494c2278b9d33a854"}
,"/Users/Josie/Travail/Red-Tetris/src/client/src/components/MenuSubSection.js": {"path":"/Users/Josie/Travail/Red-Tetris/src/client/src/components/MenuSubSection.js","statementMap":{"0":{"start":{"line":5,"column":29},"end":{"line":13,"column":1}},"1":{"start":{"line":6,"column":4},"end":{"line":12,"column":5}},"2":{"start":{"line":8,"column":61},"end":{"line":8,"column":120}},"3":{"start":{"line":15,"column":31},"end":{"line":43,"column":1}},"4":{"start":{"line":16,"column":37},"end":{"line":16,"column":49}},"5":{"start":{"line":18,"column":4},"end":{"line":42,"column":5}},"6":{"start":{"line":26,"column":16},"end":{"line":26,"column":44}},"7":{"start":{"line":29,"column":16},"end":{"line":33,"column":17}},"8":{"start":{"line":30,"column":18},"end":{"line":32,"column":72}},"9":{"start":{"line":31,"column":20},"end":{"line":31,"column":38}},"10":{"start":{"line":32,"column":25},"end":{"line":32,"column":72}},"11":{"start":{"line":37,"column":14},"end":{"line":37,"column":53}},"12":{"start":{"line":37,"column":35},"end":{"line":37,"column":53}},"13":{"start":{"line":45,"column":33},"end":{"line":51,"column":1}},"14":{"start":{"line":46,"column":4},"end":{"line":50,"column":5}},"15":{"start":{"line":53,"column":29},"end":{"line":81,"column":1}},"16":{"start":{"line":54,"column":37},"end":{"line":54,"column":49}},"17":{"start":{"line":56,"column":4},"end":{"line":80,"column":5}},"18":{"start":{"line":64,"column":16},"end":{"line":64,"column":44}},"19":{"start":{"line":67,"column":16},"end":{"line":71,"column":17}},"20":{"start":{"line":68,"column":18},"end":{"line":70,"column":19}},"21":{"start":{"line":69,"column":20},"end":{"line":69,"column":38}},"22":{"start":{"line":75,"column":14},"end":{"line":75,"column":53}},"23":{"start":{"line":75,"column":35},"end":{"line":75,"column":53}},"24":{"start":{"line":83,"column":20},"end":{"line":83,"column":53}},"25":{"start":{"line":84,"column":22},"end":{"line":84,"column":57}},"26":{"start":{"line":85,"column":24},"end":{"line":85,"column":61}},"27":{"start":{"line":86,"column":20},"end":{"line":86,"column":53}}},"fnMap":{"0":{"name":"(anonymous_0)","decl":{"start":{"line":5,"column":29},"end":{"line":5,"column":30}},"loc":{"start":{"line":5,"column":74},"end":{"line":13,"column":1}},"line":5},"1":{"name":"(anonymous_1)","decl":{"start":{"line":8,"column":56},"end":{"line":8,"column":57}},"loc":{"start":{"line":8,"column":60},"end":{"line":8,"column":121}},"line":8},"2":{"name":"(anonymous_2)","decl":{"start":{"line":15,"column":31},"end":{"line":15,"column":32}},"loc":{"start":{"line":15,"column":67},"end":{"line":43,"column":1}},"line":15},"3":{"name":"(anonymous_3)","decl":{"start":{"line":25,"column":24},"end":{"line":25,"column":25}},"loc":{"start":{"line":25,"column":29},"end":{"line":27,"column":15}},"line":25},"4":{"name":"(anonymous_4)","decl":{"start":{"line":28,"column":25},"end":{"line":28,"column":26}},"loc":{"start":{"line":28,"column":30},"end":{"line":34,"column":15}},"line":28},"5":{"name":"(anonymous_5)","decl":{"start":{"line":36,"column":56},"end":{"line":36,"column":57}},"loc":{"start":{"line":36,"column":60},"end":{"line":38,"column":13}},"line":36},"6":{"name":"(anonymous_6)","decl":{"start":{"line":45,"column":33},"end":{"line":45,"column":34}},"loc":{"start":{"line":45,"column":51},"end":{"line":51,"column":1}},"line":45},"7":{"name":"(anonymous_7)","decl":{"start":{"line":53,"column":29},"end":{"line":53,"column":30}},"loc":{"start":{"line":53,"column":66},"end":{"line":81,"column":1}},"line":53},"8":{"name":"(anonymous_8)","decl":{"start":{"line":63,"column":24},"end":{"line":63,"column":25}},"loc":{"start":{"line":63,"column":29},"end":{"line":65,"column":15}},"line":63},"9":{"name":"(anonymous_9)","decl":{"start":{"line":66,"column":25},"end":{"line":66,"column":26}},"loc":{"start":{"line":66,"column":30},"end":{"line":72,"column":15}},"line":66},"10":{"name":"(anonymous_10)","decl":{"start":{"line":74,"column":56},"end":{"line":74,"column":57}},"loc":{"start":{"line":74,"column":60},"end":{"line":76,"column":13}},"line":74}},"branchMap":{"0":{"loc":{"start":{"line":7,"column":65},"end":{"line":7,"column":119}},"type":"cond-expr","locations":[{"start":{"line":7,"column":82},"end":{"line":7,"column":99}},{"start":{"line":7,"column":102},"end":{"line":7,"column":119}}],"line":7},"1":{"loc":{"start":{"line":19,"column":65},"end":{"line":19,"column":119}},"type":"cond-expr","locations":[{"start":{"line":19,"column":82},"end":{"line":19,"column":99}},{"start":{"line":19,"column":102},"end":{"line":19,"column":119}}],"line":19},"2":{"loc":{"start":{"line":29,"column":16},"end":{"line":33,"column":17}},"type":"if","locations":[{"start":{"line":29,"column":16},"end":{"line":33,"column":17}},{"start":{"line":29,"column":16},"end":{"line":33,"column":17}}],"line":29},"3":{"loc":{"start":{"line":30,"column":18},"end":{"line":32,"column":72}},"type":"if","locations":[{"start":{"line":30,"column":18},"end":{"line":32,"column":72}},{"start":{"line":30,"column":18},"end":{"line":32,"column":72}}],"line":30},"4":{"loc":{"start":{"line":37,"column":14},"end":{"line":37,"column":53}},"type":"if","locations":[{"start":{"line":37,"column":14},"end":{"line":37,"column":53}},{"start":{"line":37,"column":14},"end":{"line":37,"column":53}}],"line":37},"5":{"loc":{"start":{"line":47,"column":65},"end":{"line":47,"column":119}},"type":"cond-expr","locations":[{"start":{"line":47,"column":82},"end":{"line":47,"column":99}},{"start":{"line":47,"column":102},"end":{"line":47,"column":119}}],"line":47},"6":{"loc":{"start":{"line":57,"column":65},"end":{"line":57,"column":119}},"type":"cond-expr","locations":[{"start":{"line":57,"column":82},"end":{"line":57,"column":99}},{"start":{"line":57,"column":102},"end":{"line":57,"column":119}}],"line":57},"7":{"loc":{"start":{"line":67,"column":16},"end":{"line":71,"column":17}},"type":"if","locations":[{"start":{"line":67,"column":16},"end":{"line":71,"column":17}},{"start":{"line":67,"column":16},"end":{"line":71,"column":17}}],"line":67},"8":{"loc":{"start":{"line":68,"column":18},"end":{"line":70,"column":19}},"type":"if","locations":[{"start":{"line":68,"column":18},"end":{"line":70,"column":19}},{"start":{"line":68,"column":18},"end":{"line":70,"column":19}}],"line":68},"9":{"loc":{"start":{"line":75,"column":14},"end":{"line":75,"column":53}},"type":"if","locations":[{"start":{"line":75,"column":14},"end":{"line":75,"column":53}},{"start":{"line":75,"column":14},"end":{"line":75,"column":53}}],"line":75}},"s":{"0":1,"1":1,"2":0,"3":1,"4":1,"5":1,"6":0,"7":0,"8":0,"9":0,"10":0,"11":0,"12":0,"13":1,"14":1,"15":1,"16":1,"17":1,"18":0,"19":0,"20":0,"21":0,"22":0,"23":0,"24":1,"25":1,"26":1,"27":1},"f":{"0":1,"1":0,"2":1,"3":0,"4":0,"5":0,"6":1,"7":1,"8":0,"9":0,"10":0},"b":{"0":[0,1],"1":[0,1],"2":[0,0],"3":[0,0],"4":[0,0],"5":[0,1],"6":[0,1],"7":[0,0],"8":[0,0],"9":[0,0]},"_coverageSchema":"43e27e138ebf9cfc5966b082cf9a028302ed4184","hash":"5614dc3654935db463bcdbe1482f572b7f11a5fd"}
,"/Users/Josie/Travail/Red-Tetris/src/client/src/components/OnlineListPopup.js": {"path":"/Users/Josie/Travail/Red-Tetris/src/client/src/components/OnlineListPopup.js","statementMap":{"0":{"start":{"line":4,"column":22},"end":{"line":38,"column":2}},"1":{"start":{"line":4,"column":29},"end":{"line":38,"column":1}},"2":{"start":{"line":40,"column":21},"end":{"line":61,"column":1}},"3":{"start":{"line":41,"column":4},"end":{"line":60,"column":5}},"4":{"start":{"line":47,"column":11},"end":{"line":50,"column":18}},"5":{"start":{"line":55,"column":94},"end":{"line":55,"column":106}}},"fnMap":{"0":{"name":"(anonymous_0)","decl":{"start":{"line":4,"column":22},"end":{"line":4,"column":23}},"loc":{"start":{"line":4,"column":29},"end":{"line":38,"column":1}},"line":4},"1":{"name":"(anonymous_1)","decl":{"start":{"line":40,"column":21},"end":{"line":40,"column":22}},"loc":{"start":{"line":40,"column":60},"end":{"line":61,"column":1}},"line":40},"2":{"name":"(anonymous_2)","decl":{"start":{"line":46,"column":37},"end":{"line":46,"column":38}},"loc":{"start":{"line":46,"column":53},"end":{"line":51,"column":11}},"line":46},"3":{"name":"(anonymous_3)","decl":{"start":{"line":55,"column":89},"end":{"line":55,"column":90}},"loc":{"start":{"line":55,"column":93},"end":{"line":55,"column":107}},"line":55}},"branchMap":{"0":{"loc":{"start":{"line":45,"column":10},"end":{"line":52,"column":16}},"type":"cond-expr","locations":[{"start":{"line":46,"column":12},"end":{"line":51,"column":12}},{"start":{"line":52,"column":12},"end":{"line":52,"column":16}}],"line":45},"1":{"loc":{"start":{"line":49,"column":35},"end":{"line":49,"column":85}},"type":"cond-expr","locations":[{"start":{"line":49,"column":73},"end":{"line":49,"column":80}},{"start":{"line":49,"column":83},"end":{"line":49,"column":85}}],"line":49}},"s":{"0":1,"1":0,"2":1,"3":0,"4":0,"5":0},"f":{"0":0,"1":0,"2":0,"3":0},"b":{"0":[0,0],"1":[0,0]},"_coverageSchema":"43e27e138ebf9cfc5966b082cf9a028302ed4184","hash":"6d5e36b866e9e87602e204e46b499fd05c7e8374"}
,"/Users/Josie/Travail/Red-Tetris/src/client/src/components/Option.js": {"path":"/Users/Josie/Travail/Red-Tetris/src/client/src/components/Option.js","statementMap":{"0":{"start":{"line":5,"column":31},"end":{"line":21,"column":1}},"1":{"start":{"line":6,"column":60},"end":{"line":6,"column":65}},"2":{"start":{"line":7,"column":21},"end":{"line":7,"column":33}},"3":{"start":{"line":8,"column":2},"end":{"line":20,"column":3}},"4":{"start":{"line":11,"column":28},"end":{"line":11,"column":53}},"5":{"start":{"line":13,"column":12},"end":{"line":13,"column":23}},"6":{"start":{"line":23,"column":22},"end":{"line":23,"column":57}}},"fnMap":{"0":{"name":"(anonymous_0)","decl":{"start":{"line":5,"column":31},"end":{"line":5,"column":32}},"loc":{"start":{"line":5,"column":42},"end":{"line":21,"column":1}},"line":5},"1":{"name":"(anonymous_1)","decl":{"start":{"line":11,"column":22},"end":{"line":11,"column":23}},"loc":{"start":{"line":11,"column":27},"end":{"line":11,"column":54}},"line":11},"2":{"name":"(anonymous_2)","decl":{"start":{"line":12,"column":17},"end":{"line":12,"column":18}},"loc":{"start":{"line":12,"column":22},"end":{"line":14,"column":9}},"line":12}},"branchMap":{"0":{"loc":{"start":{"line":11,"column":28},"end":{"line":11,"column":53}},"type":"binary-expr","locations":[{"start":{"line":11,"column":28},"end":{"line":11,"column":39}},{"start":{"line":11,"column":43},"end":{"line":11,"column":53}}],"line":11}},"s":{"0":1,"1":4,"2":4,"3":4,"4":0,"5":0,"6":1},"f":{"0":4,"1":0,"2":0},"b":{"0":[0,0]},"_coverageSchema":"43e27e138ebf9cfc5966b082cf9a028302ed4184","hash":"3b435275c690b9d82aabc91de489916528c35baf"}
,"/Users/Josie/Travail/Red-Tetris/src/client/src/components/Popup.js": {"path":"/Users/Josie/Travail/Red-Tetris/src/client/src/components/Popup.js","statementMap":{"0":{"start":{"line":4,"column":22},"end":{"line":38,"column":2}},"1":{"start":{"line":4,"column":29},"end":{"line":38,"column":1}},"2":{"start":{"line":40,"column":21},"end":{"line":56,"column":1}},"3":{"start":{"line":41,"column":4},"end":{"line":55,"column":5}},"4":{"start":{"line":50,"column":94},"end":{"line":50,"column":106}}},"fnMap":{"0":{"name":"(anonymous_0)","decl":{"start":{"line":4,"column":22},"end":{"line":4,"column":23}},"loc":{"start":{"line":4,"column":29},"end":{"line":38,"column":1}},"line":4},"1":{"name":"(anonymous_1)","decl":{"start":{"line":40,"column":21},"end":{"line":40,"column":22}},"loc":{"start":{"line":40,"column":55},"end":{"line":56,"column":1}},"line":40},"2":{"name":"(anonymous_2)","decl":{"start":{"line":50,"column":89},"end":{"line":50,"column":90}},"loc":{"start":{"line":50,"column":93},"end":{"line":50,"column":107}},"line":50}},"branchMap":{},"s":{"0":1,"1":0,"2":1,"3":0,"4":0},"f":{"0":0,"1":0,"2":0},"b":{},"_coverageSchema":"43e27e138ebf9cfc5966b082cf9a028302ed4184","hash":"bfd298d63a2bd6ad1e169402d637a7b1a8057ef6"}
,"/Users/Josie/Travail/Red-Tetris/src/client/src/components/Title.js": {"path":"/Users/Josie/Travail/Red-Tetris/src/client/src/components/Title.js","statementMap":{"0":{"start":{"line":6,"column":21},"end":{"line":19,"column":1}},"1":{"start":{"line":7,"column":22},"end":{"line":7,"column":27}},"2":{"start":{"line":8,"column":2},"end":{"line":18,"column":3}}},"fnMap":{"0":{"name":"(anonymous_0)","decl":{"start":{"line":6,"column":21},"end":{"line":6,"column":22}},"loc":{"start":{"line":6,"column":32},"end":{"line":19,"column":1}},"line":6}},"branchMap":{},"s":{"0":1,"1":1,"2":1},"f":{"0":1},"b":{},"_coverageSchema":"43e27e138ebf9cfc5966b082cf9a028302ed4184","hash":"9281984f55a9bbc28a2afb4c3a7d4a9c79cd88e7"}
,"/Users/Josie/Travail/Red-Tetris/src/client/src/components/canFit.js": {"path":"/Users/Josie/Travail/Red-Tetris/src/client/src/components/canFit.js","statementMap":{"0":{"start":{"line":1,"column":22},"end":{"line":15,"column":1}},"1":{"start":{"line":2,"column":11},"end":{"line":2,"column":15}},"2":{"start":{"line":4,"column":1},"end":{"line":13,"column":3}},"3":{"start":{"line":5,"column":2},"end":{"line":12,"column":4}},"4":{"start":{"line":6,"column":3},"end":{"line":11,"column":4}},"5":{"start":{"line":10,"column":5},"end":{"line":10,"column":16}},"6":{"start":{"line":14,"column":1},"end":{"line":14,"column":11}}},"fnMap":{"0":{"name":"(anonymous_0)","decl":{"start":{"line":1,"column":22},"end":{"line":1,"column":23}},"loc":{"start":{"line":1,"column":38},"end":{"line":15,"column":1}},"line":1},"1":{"name":"(anonymous_1)","decl":{"start":{"line":4,"column":20},"end":{"line":4,"column":21}},"loc":{"start":{"line":4,"column":31},"end":{"line":13,"column":2}},"line":4},"2":{"name":"(anonymous_2)","decl":{"start":{"line":5,"column":15},"end":{"line":5,"column":16}},"loc":{"start":{"line":5,"column":25},"end":{"line":12,"column":3}},"line":5}},"branchMap":{"0":{"loc":{"start":{"line":6,"column":3},"end":{"line":11,"column":4}},"type":"if","locations":[{"start":{"line":6,"column":3},"end":{"line":11,"column":4}},{"start":{"line":6,"column":3},"end":{"line":11,"column":4}}],"line":6},"1":{"loc":{"start":{"line":6,"column":7},"end":{"line":9,"column":58}},"type":"binary-expr","locations":[{"start":{"line":6,"column":7},"end":{"line":6,"column":14}},{"start":{"line":6,"column":20},"end":{"line":6,"column":37}},{"start":{"line":6,"column":42},"end":{"line":6,"column":75}},{"start":{"line":7,"column":4},"end":{"line":7,"column":38}},{"start":{"line":8,"column":4},"end":{"line":8,"column":37}},{"start":{"line":9,"column":4},"end":{"line":9,"column":56}}],"line":6}},"s":{"0":1,"1":0,"2":0,"3":0,"4":0,"5":0,"6":0},"f":{"0":0,"1":0,"2":0},"b":{"0":[0,0],"1":[0,0,0,0,0,0]},"_coverageSchema":"43e27e138ebf9cfc5966b082cf9a028302ed4184","hash":"f9eae2c2a0b724b00ec76a075e6103944c9c639d"}
,"/Users/Josie/Travail/Red-Tetris/src/client/src/components/initialState.js": {"path":"/Users/Josie/Travail/Red-Tetris/src/client/src/components/initialState.js","statementMap":{"0":{"start":{"line":4,"column":33},"end":{"line":25,"column":1}},"1":{"start":{"line":5,"column":12},"end":{"line":5,"column":15}},"2":{"start":{"line":6,"column":1},"end":{"line":7,"column":21}},"3":{"start":{"line":7,"column":2},"end":{"line":7,"column":21}},"4":{"start":{"line":8,"column":15},"end":{"line":23,"column":2}},"5":{"start":{"line":24,"column":1},"end":{"line":24,"column":14}},"6":{"start":{"line":27,"column":33},"end":{"line":49,"column":3}},"7":{"start":{"line":28,"column":1},"end":{"line":49,"column":2}}},"fnMap":{"0":{"name":"(anonymous_0)","decl":{"start":{"line":4,"column":33},"end":{"line":4,"column":34}},"loc":{"start":{"line":4,"column":50},"end":{"line":25,"column":1}},"line":4},"1":{"name":"(anonymous_1)","decl":{"start":{"line":27,"column":33},"end":{"line":27,"column":34}},"loc":{"start":{"line":28,"column":1},"end":{"line":49,"column":2}},"line":28}},"branchMap":{"0":{"loc":{"start":{"line":6,"column":1},"end":{"line":7,"column":21}},"type":"if","locations":[{"start":{"line":6,"column":1},"end":{"line":7,"column":21}},{"start":{"line":6,"column":1},"end":{"line":7,"column":21}}],"line":6}},"s":{"0":1,"1":3,"2":3,"3":3,"4":3,"5":3,"6":1,"7":7},"f":{"0":3,"1":7},"b":{"0":[3,0]},"_coverageSchema":"43e27e138ebf9cfc5966b082cf9a028302ed4184","hash":"23c04b033531b8cc8722987aff53779a8af05f3d"}
,"/Users/Josie/Travail/Red-Tetris/src/client/src/containers/Game/FinishPage.js": {"path":"/Users/Josie/Travail/Red-Tetris/src/client/src/containers/Game/FinishPage.js","statementMap":{"0":{"start":{"line":6,"column":24},"end":{"line":112,"column":1}},"1":{"start":{"line":7,"column":23},"end":{"line":7,"column":49}},"2":{"start":{"line":8,"column":1},"end":{"line":111,"column":2}},"3":{"start":{"line":21,"column":9},"end":{"line":51,"column":25}},"4":{"start":{"line":21,"column":57},"end":{"line":50,"column":17}},"5":{"start":{"line":24,"column":12},"end":{"line":35,"column":20}},"6":{"start":{"line":27,"column":17},"end":{"line":32,"column":23}},"7":{"start":{"line":51,"column":14},"end":{"line":51,"column":25}},"8":{"start":{"line":58,"column":57},"end":{"line":58,"column":68}},"9":{"start":{"line":78,"column":59},"end":{"line":78,"column":72}},"10":{"start":{"line":98,"column":7},"end":{"line":103,"column":8}},"11":{"start":{"line":99,"column":8},"end":{"line":102,"column":9}},"12":{"start":{"line":100,"column":9},"end":{"line":100,"column":24}},"13":{"start":{"line":101,"column":9},"end":{"line":101,"column":25}},"14":{"start":{"line":105,"column":22},"end":{"line":105,"column":50}}},"fnMap":{"0":{"name":"(anonymous_0)","decl":{"start":{"line":6,"column":24},"end":{"line":6,"column":25}},"loc":{"start":{"line":6,"column":142},"end":{"line":112,"column":1}},"line":6},"1":{"name":"(anonymous_1)","decl":{"start":{"line":20,"column":52},"end":{"line":20,"column":53}},"loc":{"start":{"line":20,"column":69},"end":{"line":52,"column":9}},"line":20},"2":{"name":"(anonymous_2)","decl":{"start":{"line":23,"column":46},"end":{"line":23,"column":47}},"loc":{"start":{"line":23,"column":61},"end":{"line":36,"column":14}},"line":23},"3":{"name":"(anonymous_3)","decl":{"start":{"line":26,"column":25},"end":{"line":26,"column":26}},"loc":{"start":{"line":26,"column":41},"end":{"line":33,"column":17}},"line":26},"4":{"name":"(anonymous_4)","decl":{"start":{"line":58,"column":52},"end":{"line":58,"column":53}},"loc":{"start":{"line":58,"column":56},"end":{"line":58,"column":69}},"line":58},"5":{"name":"(anonymous_5)","decl":{"start":{"line":78,"column":54},"end":{"line":78,"column":55}},"loc":{"start":{"line":78,"column":58},"end":{"line":78,"column":73}},"line":78},"6":{"name":"(anonymous_6)","decl":{"start":{"line":97,"column":17},"end":{"line":97,"column":18}},"loc":{"start":{"line":97,"column":22},"end":{"line":104,"column":7}},"line":97},"7":{"name":"(anonymous_7)","decl":{"start":{"line":105,"column":16},"end":{"line":105,"column":17}},"loc":{"start":{"line":105,"column":21},"end":{"line":105,"column":51}},"line":105}},"branchMap":{"0":{"loc":{"start":{"line":12,"column":57},"end":{"line":12,"column":82}},"type":"cond-expr","locations":[{"start":{"line":12,"column":71},"end":{"line":12,"column":74}},{"start":{"line":12,"column":77},"end":{"line":12,"column":82}}],"line":12},"1":{"loc":{"start":{"line":14,"column":51},"end":{"line":14,"column":74}},"type":"cond-expr","locations":[{"start":{"line":14,"column":64},"end":{"line":14,"column":67}},{"start":{"line":14,"column":70},"end":{"line":14,"column":74}}],"line":14},"2":{"loc":{"start":{"line":15,"column":5},"end":{"line":54,"column":11}},"type":"cond-expr","locations":[{"start":{"line":16,"column":7},"end":{"line":16,"column":11}},{"start":{"line":17,"column":7},"end":{"line":54,"column":11}}],"line":15},"3":{"loc":{"start":{"line":15,"column":5},"end":{"line":15,"column":31}},"type":"binary-expr","locations":[{"start":{"line":15,"column":5},"end":{"line":15,"column":23}},{"start":{"line":15,"column":27},"end":{"line":15,"column":31}}],"line":15},"4":{"loc":{"start":{"line":20,"column":9},"end":{"line":52,"column":10}},"type":"binary-expr","locations":[{"start":{"line":20,"column":9},"end":{"line":20,"column":26}},{"start":{"line":20,"column":30},"end":{"line":52,"column":10}}],"line":20},"5":{"loc":{"start":{"line":21,"column":9},"end":{"line":51,"column":25}},"type":"if","locations":[{"start":{"line":21,"column":9},"end":{"line":51,"column":25}},{"start":{"line":21,"column":9},"end":{"line":51,"column":25}}],"line":21},"6":{"loc":{"start":{"line":21,"column":13},"end":{"line":21,"column":55}},"type":"binary-expr","locations":[{"start":{"line":21,"column":13},"end":{"line":21,"column":19}},{"start":{"line":21,"column":23},"end":{"line":21,"column":55}}],"line":21},"7":{"loc":{"start":{"line":23,"column":11},"end":{"line":36,"column":15}},"type":"binary-expr","locations":[{"start":{"line":23,"column":11},"end":{"line":23,"column":24}},{"start":{"line":23,"column":28},"end":{"line":36,"column":15}}],"line":23},"8":{"loc":{"start":{"line":28,"column":19},"end":{"line":30,"column":64}},"type":"cond-expr","locations":[{"start":{"line":29,"column":21},"end":{"line":29,"column":84}},{"start":{"line":30,"column":21},"end":{"line":30,"column":64}}],"line":28},"9":{"loc":{"start":{"line":38,"column":12},"end":{"line":48,"column":18}},"type":"cond-expr","locations":[{"start":{"line":39,"column":14},"end":{"line":39,"column":18}},{"start":{"line":40,"column":14},"end":{"line":48,"column":18}}],"line":38},"10":{"loc":{"start":{"line":42,"column":21},"end":{"line":42,"column":294}},"type":"cond-expr","locations":[{"start":{"line":42,"column":34},"end":{"line":42,"column":163}},{"start":{"line":42,"column":166},"end":{"line":42,"column":294}}],"line":42},"11":{"loc":{"start":{"line":44,"column":15},"end":{"line":46,"column":28}},"type":"cond-expr","locations":[{"start":{"line":45,"column":17},"end":{"line":45,"column":27}},{"start":{"line":46,"column":17},"end":{"line":46,"column":28}}],"line":44},"12":{"loc":{"start":{"line":56,"column":4},"end":{"line":62,"column":10}},"type":"cond-expr","locations":[{"start":{"line":57,"column":6},"end":{"line":61,"column":10}},{"start":{"line":62,"column":6},"end":{"line":62,"column":10}}],"line":56},"13":{"loc":{"start":{"line":64,"column":4},"end":{"line":74,"column":10}},"type":"cond-expr","locations":[{"start":{"line":65,"column":6},"end":{"line":73,"column":11}},{"start":{"line":74,"column":6},"end":{"line":74,"column":10}}],"line":64},"14":{"loc":{"start":{"line":67,"column":8},"end":{"line":67,"column":88}},"type":"cond-expr","locations":[{"start":{"line":67,"column":55},"end":{"line":67,"column":60}},{"start":{"line":67,"column":63},"end":{"line":67,"column":88}}],"line":67},"15":{"loc":{"start":{"line":69,"column":7},"end":{"line":71,"column":53}},"type":"cond-expr","locations":[{"start":{"line":70,"column":9},"end":{"line":70,"column":13}},{"start":{"line":71,"column":9},"end":{"line":71,"column":53}}],"line":69},"16":{"loc":{"start":{"line":76,"column":4},"end":{"line":84,"column":10}},"type":"cond-expr","locations":[{"start":{"line":77,"column":6},"end":{"line":83,"column":11}},{"start":{"line":84,"column":6},"end":{"line":84,"column":10}}],"line":76},"17":{"loc":{"start":{"line":77,"column":6},"end":{"line":83,"column":11}},"type":"cond-expr","locations":[{"start":{"line":78,"column":7},"end":{"line":80,"column":12}},{"start":{"line":81,"column":7},"end":{"line":83,"column":11}}],"line":77},"18":{"loc":{"start":{"line":86,"column":4},"end":{"line":107,"column":10}},"type":"cond-expr","locations":[{"start":{"line":87,"column":6},"end":{"line":87,"column":10}},{"start":{"line":88,"column":6},"end":{"line":107,"column":10}}],"line":86},"19":{"loc":{"start":{"line":98,"column":7},"end":{"line":103,"column":8}},"type":"if","locations":[{"start":{"line":98,"column":7},"end":{"line":103,"column":8}},{"start":{"line":98,"column":7},"end":{"line":103,"column":8}}],"line":98},"20":{"loc":{"start":{"line":99,"column":8},"end":{"line":102,"column":9}},"type":"if","locations":[{"start":{"line":99,"column":8},"end":{"line":102,"column":9}},{"start":{"line":99,"column":8},"end":{"line":102,"column":9}}],"line":99}},"s":{"0":1,"1":3,"2":3,"3":9,"4":9,"5":180,"6":1800,"7":0,"8":0,"9":0,"10":0,"11":0,"12":0,"13":0,"14":0},"f":{"0":3,"1":9,"2":180,"3":1800,"4":0,"5":0,"6":0,"7":0},"b":{"0":[2,1],"1":[2,1],"2":[0,3],"3":[3,3],"4":[3,3],"5":[9,0],"6":[9,9],"7":[9,9],"8":[111,1689],"9":[6,3],"10":[0,3],"11":[0,3],"12":[0,3],"13":[0,3],"14":[0,0],"15":[0,0],"16":[0,3],"17":[0,0],"18":[0,3],"19":[0,0],"20":[0,0]},"_coverageSchema":"43e27e138ebf9cfc5966b082cf9a028302ed4184","hash":"52b15efb6718ac20a24715bd6b1fd3d467b85856"}
,"/Users/Josie/Travail/Red-Tetris/src/client/src/containers/Game/Game.js": {"path":"/Users/Josie/Travail/Red-Tetris/src/client/src/containers/Game/Game.js","statementMap":{"0":{"start":{"line":14,"column":13},"end":{"line":231,"column":1}},"1":{"start":{"line":15,"column":30},"end":{"line":15,"column":41}},"2":{"start":{"line":16,"column":30},"end":{"line":16,"column":45}},"3":{"start":{"line":17,"column":30},"end":{"line":17,"column":59}},"4":{"start":{"line":18,"column":31},"end":{"line":18,"column":79}},"5":{"start":{"line":19,"column":30},"end":{"line":19,"column":41}},"6":{"start":{"line":20,"column":31},"end":{"line":20,"column":45}},"7":{"start":{"line":21,"column":31},"end":{"line":21,"column":42}},"8":{"start":{"line":22,"column":31},"end":{"line":22,"column":42}},"9":{"start":{"line":23,"column":34},"end":{"line":23,"column":48}},"10":{"start":{"line":24,"column":37},"end":{"line":24,"column":48}},"11":{"start":{"line":25,"column":30},"end":{"line":25,"column":44}},"12":{"start":{"line":27,"column":25},"end":{"line":27,"column":36}},"13":{"start":{"line":28,"column":27},"end":{"line":28,"column":38}},"14":{"start":{"line":29,"column":33},"end":{"line":29,"column":47}},"15":{"start":{"line":30,"column":21},"end":{"line":30,"column":34}},"16":{"start":{"line":31,"column":17},"end":{"line":31,"column":30}},"17":{"start":{"line":33,"column":1},"end":{"line":58,"column":8}},"18":{"start":{"line":34,"column":2},"end":{"line":34,"column":80}},"19":{"start":{"line":34,"column":47},"end":{"line":34,"column":80}},"20":{"start":{"line":35,"column":2},"end":{"line":41,"column":4}},"21":{"start":{"line":36,"column":3},"end":{"line":39,"column":12}},"22":{"start":{"line":40,"column":3},"end":{"line":40,"column":19}},"23":{"start":{"line":42,"column":2},"end":{"line":50,"column":41}},"24":{"start":{"line":43,"column":3},"end":{"line":43,"column":38}},"25":{"start":{"line":44,"column":3},"end":{"line":44,"column":47}},"26":{"start":{"line":45,"column":3},"end":{"line":48,"column":5}},"27":{"start":{"line":46,"column":4},"end":{"line":46,"column":37}},"28":{"start":{"line":47,"column":4},"end":{"line":47,"column":20}},"29":{"start":{"line":50,"column":7},"end":{"line":50,"column":41}},"30":{"start":{"line":51,"column":2},"end":{"line":57,"column":3}},"31":{"start":{"line":52,"column":3},"end":{"line":52,"column":36}},"32":{"start":{"line":53,"column":3},"end":{"line":53,"column":38}},"33":{"start":{"line":54,"column":3},"end":{"line":54,"column":28}},"34":{"start":{"line":55,"column":3},"end":{"line":55,"column":27}},"35":{"start":{"line":56,"column":3},"end":{"line":56,"column":31}},"36":{"start":{"line":60,"column":1},"end":{"line":72,"column":29}},"37":{"start":{"line":61,"column":2},"end":{"line":61,"column":117}},"38":{"start":{"line":61,"column":63},"end":{"line":61,"column":117}},"39":{"start":{"line":62,"column":2},"end":{"line":71,"column":3}},"40":{"start":{"line":63,"column":3},"end":{"line":69,"column":5}},"41":{"start":{"line":64,"column":4},"end":{"line":67,"column":5}},"42":{"start":{"line":64,"column":17},"end":{"line":64,"column":18}},"43":{"start":{"line":65,"column":5},"end":{"line":65,"column":21}},"44":{"start":{"line":66,"column":5},"end":{"line":66,"column":45}},"45":{"start":{"line":68,"column":4},"end":{"line":68,"column":14}},"46":{"start":{"line":70,"column":3},"end":{"line":70,"column":19}},"47":{"start":{"line":74,"column":1},"end":{"line":80,"column":21}},"48":{"start":{"line":75,"column":2},"end":{"line":79,"column":3}},"49":{"start":{"line":76,"column":3},"end":{"line":78,"column":5}},"50":{"start":{"line":77,"column":4},"end":{"line":77,"column":35}},"51":{"start":{"line":82,"column":1},"end":{"line":87,"column":14}},"52":{"start":{"line":83,"column":2},"end":{"line":83,"column":67}},"53":{"start":{"line":83,"column":13},"end":{"line":83,"column":67}},"54":{"start":{"line":84,"column":2},"end":{"line":86,"column":3}},"55":{"start":{"line":85,"column":3},"end":{"line":85,"column":44}},"56":{"start":{"line":89,"column":1},"end":{"line":95,"column":32}},"57":{"start":{"line":90,"column":2},"end":{"line":94,"column":3}},"58":{"start":{"line":92,"column":3},"end":{"line":93,"column":75}},"59":{"start":{"line":97,"column":19},"end":{"line":99,"column":2}},"60":{"start":{"line":98,"column":2},"end":{"line":98,"column":34}},"61":{"start":{"line":101,"column":21},"end":{"line":104,"column":2}},"62":{"start":{"line":102,"column":2},"end":{"line":102,"column":65}},"63":{"start":{"line":102,"column":13},"end":{"line":102,"column":65}},"64":{"start":{"line":103,"column":2},"end":{"line":103,"column":16}},"65":{"start":{"line":106,"column":21},"end":{"line":113,"column":39}},"66":{"start":{"line":107,"column":2},"end":{"line":107,"column":67}},"67":{"start":{"line":107,"column":57},"end":{"line":107,"column":67}},"68":{"start":{"line":108,"column":2},"end":{"line":112,"column":11}},"69":{"start":{"line":109,"column":3},"end":{"line":111,"column":90}},"70":{"start":{"line":115,"column":21},"end":{"line":123,"column":2}},"71":{"start":{"line":116,"column":2},"end":{"line":119,"column":21}},"72":{"start":{"line":119,"column":15},"end":{"line":119,"column":21}},"73":{"start":{"line":120,"column":2},"end":{"line":120,"column":25}},"74":{"start":{"line":121,"column":2},"end":{"line":122,"column":39}},"75":{"start":{"line":125,"column":19},"end":{"line":133,"column":2}},"76":{"start":{"line":126,"column":2},"end":{"line":129,"column":3}},"77":{"start":{"line":127,"column":3},"end":{"line":127,"column":37}},"78":{"start":{"line":128,"column":3},"end":{"line":128,"column":46}},"79":{"start":{"line":130,"column":2},"end":{"line":132,"column":3}},"80":{"start":{"line":131,"column":3},"end":{"line":131,"column":25}},"81":{"start":{"line":135,"column":24},"end":{"line":138,"column":2}},"82":{"start":{"line":136,"column":2},"end":{"line":136,"column":54}},"83":{"start":{"line":137,"column":2},"end":{"line":137,"column":50}},"84":{"start":{"line":140,"column":1},"end":{"line":146,"column":48}},"85":{"start":{"line":141,"column":2},"end":{"line":141,"column":45}},"86":{"start":{"line":142,"column":3},"end":{"line":142,"column":51}},"87":{"start":{"line":142,"column":17},"end":{"line":142,"column":51}},"88":{"start":{"line":143,"column":3},"end":{"line":145,"column":4}},"89":{"start":{"line":144,"column":4},"end":{"line":144,"column":38}},"90":{"start":{"line":148,"column":1},"end":{"line":153,"column":24}},"91":{"start":{"line":149,"column":2},"end":{"line":149,"column":51}},"92":{"start":{"line":150,"column":2},"end":{"line":150,"column":47}},"93":{"start":{"line":151,"column":2},"end":{"line":151,"column":32}},"94":{"start":{"line":151,"column":16},"end":{"line":151,"column":32}},"95":{"start":{"line":152,"column":2},"end":{"line":152,"column":31}},"96":{"start":{"line":152,"column":15},"end":{"line":152,"column":31}},"97":{"start":{"line":155,"column":23},"end":{"line":169,"column":2}},"98":{"start":{"line":156,"column":19},"end":{"line":156,"column":39}},"99":{"start":{"line":157,"column":2},"end":{"line":157,"column":62}},"100":{"start":{"line":157,"column":26},"end":{"line":157,"column":60}},"101":{"start":{"line":158,"column":2},"end":{"line":168,"column":5}},"102":{"start":{"line":159,"column":15},"end":{"line":159,"column":25}},"103":{"start":{"line":160,"column":17},"end":{"line":160,"column":39}},"104":{"start":{"line":161,"column":3},"end":{"line":166,"column":4}},"105":{"start":{"line":162,"column":4},"end":{"line":165,"column":6}},"106":{"start":{"line":163,"column":5},"end":{"line":163,"column":37}},"107":{"start":{"line":164,"column":5},"end":{"line":164,"column":19}},"108":{"start":{"line":167,"column":3},"end":{"line":167,"column":20}},"109":{"start":{"line":171,"column":21},"end":{"line":173,"column":2}},"110":{"start":{"line":172,"column":2},"end":{"line":172,"column":45}},"111":{"start":{"line":175,"column":30},"end":{"line":177,"column":2}},"112":{"start":{"line":176,"column":2},"end":{"line":176,"column":58}},"113":{"start":{"line":179,"column":1},"end":{"line":181,"column":3}},"114":{"start":{"line":180,"column":3},"end":{"line":180,"column":75}},"115":{"start":{"line":183,"column":1},"end":{"line":186,"column":44}},"116":{"start":{"line":184,"column":2},"end":{"line":184,"column":32}},"117":{"start":{"line":185,"column":2},"end":{"line":185,"column":31}},"118":{"start":{"line":188,"column":15},"end":{"line":188,"column":28}},"119":{"start":{"line":190,"column":1},"end":{"line":230,"column":2}}},"fnMap":{"0":{"name":"(anonymous_0)","decl":{"start":{"line":14,"column":13},"end":{"line":14,"column":14}},"loc":{"start":{"line":14,"column":114},"end":{"line":231,"column":1}},"line":14},"1":{"name":"(anonymous_1)","decl":{"start":{"line":33,"column":11},"end":{"line":33,"column":12}},"loc":{"start":{"line":33,"column":16},"end":{"line":58,"column":2}},"line":33},"2":{"name":"(anonymous_2)","decl":{"start":{"line":35,"column":26},"end":{"line":35,"column":27}},"loc":{"start":{"line":35,"column":38},"end":{"line":41,"column":3}},"line":35},"3":{"name":"(anonymous_3)","decl":{"start":{"line":45,"column":31},"end":{"line":45,"column":32}},"loc":{"start":{"line":45,"column":49},"end":{"line":48,"column":4}},"line":45},"4":{"name":"(anonymous_4)","decl":{"start":{"line":51,"column":9},"end":{"line":51,"column":10}},"loc":{"start":{"line":51,"column":15},"end":{"line":57,"column":3}},"line":51},"5":{"name":"(anonymous_5)","decl":{"start":{"line":60,"column":11},"end":{"line":60,"column":12}},"loc":{"start":{"line":60,"column":15},"end":{"line":72,"column":2}},"line":60},"6":{"name":"(anonymous_6)","decl":{"start":{"line":63,"column":15},"end":{"line":63,"column":16}},"loc":{"start":{"line":63,"column":22},"end":{"line":69,"column":4}},"line":63},"7":{"name":"(anonymous_7)","decl":{"start":{"line":74,"column":11},"end":{"line":74,"column":12}},"loc":{"start":{"line":74,"column":16},"end":{"line":80,"column":2}},"line":74},"8":{"name":"(anonymous_8)","decl":{"start":{"line":76,"column":36},"end":{"line":76,"column":37}},"loc":{"start":{"line":76,"column":45},"end":{"line":78,"column":4}},"line":76},"9":{"name":"(anonymous_9)","decl":{"start":{"line":82,"column":11},"end":{"line":82,"column":12}},"loc":{"start":{"line":82,"column":16},"end":{"line":87,"column":2}},"line":82},"10":{"name":"(anonymous_10)","decl":{"start":{"line":89,"column":11},"end":{"line":89,"column":12}},"loc":{"start":{"line":89,"column":17},"end":{"line":95,"column":2}},"line":89},"11":{"name":"(anonymous_11)","decl":{"start":{"line":97,"column":19},"end":{"line":97,"column":20}},"loc":{"start":{"line":97,"column":25},"end":{"line":99,"column":2}},"line":97},"12":{"name":"(anonymous_12)","decl":{"start":{"line":101,"column":21},"end":{"line":101,"column":22}},"loc":{"start":{"line":101,"column":27},"end":{"line":104,"column":2}},"line":101},"13":{"name":"(anonymous_13)","decl":{"start":{"line":106,"column":33},"end":{"line":106,"column":34}},"loc":{"start":{"line":106,"column":44},"end":{"line":113,"column":2}},"line":106},"14":{"name":"(anonymous_14)","decl":{"start":{"line":108,"column":21},"end":{"line":108,"column":22}},"loc":{"start":{"line":108,"column":27},"end":{"line":112,"column":3}},"line":108},"15":{"name":"(anonymous_15)","decl":{"start":{"line":115,"column":21},"end":{"line":115,"column":22}},"loc":{"start":{"line":115,"column":30},"end":{"line":123,"column":2}},"line":115},"16":{"name":"(anonymous_16)","decl":{"start":{"line":125,"column":19},"end":{"line":125,"column":20}},"loc":{"start":{"line":125,"column":28},"end":{"line":133,"column":2}},"line":125},"17":{"name":"(anonymous_17)","decl":{"start":{"line":135,"column":24},"end":{"line":135,"column":25}},"loc":{"start":{"line":135,"column":30},"end":{"line":138,"column":2}},"line":135},"18":{"name":"(anonymous_18)","decl":{"start":{"line":140,"column":11},"end":{"line":140,"column":12}},"loc":{"start":{"line":140,"column":17},"end":{"line":146,"column":3}},"line":140},"19":{"name":"(anonymous_19)","decl":{"start":{"line":143,"column":10},"end":{"line":143,"column":11}},"loc":{"start":{"line":143,"column":16},"end":{"line":145,"column":4}},"line":143},"20":{"name":"(anonymous_20)","decl":{"start":{"line":148,"column":11},"end":{"line":148,"column":12}},"loc":{"start":{"line":148,"column":17},"end":{"line":153,"column":2}},"line":148},"21":{"name":"(anonymous_21)","decl":{"start":{"line":152,"column":9},"end":{"line":152,"column":10}},"loc":{"start":{"line":152,"column":15},"end":{"line":152,"column":31}},"line":152},"22":{"name":"(anonymous_22)","decl":{"start":{"line":155,"column":23},"end":{"line":155,"column":24}},"loc":{"start":{"line":155,"column":38},"end":{"line":169,"column":2}},"line":155},"23":{"name":"(anonymous_23)","decl":{"start":{"line":157,"column":14},"end":{"line":157,"column":15}},"loc":{"start":{"line":157,"column":25},"end":{"line":157,"column":61}},"line":157},"24":{"name":"(anonymous_24)","decl":{"start":{"line":158,"column":10},"end":{"line":158,"column":11}},"loc":{"start":{"line":158,"column":19},"end":{"line":168,"column":3}},"line":158},"25":{"name":"(anonymous_25)","decl":{"start":{"line":162,"column":13},"end":{"line":162,"column":14}},"loc":{"start":{"line":162,"column":19},"end":{"line":165,"column":5}},"line":162},"26":{"name":"(anonymous_26)","decl":{"start":{"line":171,"column":21},"end":{"line":171,"column":22}},"loc":{"start":{"line":171,"column":25},"end":{"line":173,"column":2}},"line":171},"27":{"name":"(anonymous_27)","decl":{"start":{"line":175,"column":30},"end":{"line":175,"column":31}},"loc":{"start":{"line":175,"column":39},"end":{"line":177,"column":2}},"line":175},"28":{"name":"(anonymous_28)","decl":{"start":{"line":179,"column":11},"end":{"line":179,"column":12}},"loc":{"start":{"line":179,"column":17},"end":{"line":181,"column":2}},"line":179},"29":{"name":"(anonymous_29)","decl":{"start":{"line":183,"column":11},"end":{"line":183,"column":12}},"loc":{"start":{"line":183,"column":17},"end":{"line":186,"column":2}},"line":183}},"branchMap":{"0":{"loc":{"start":{"line":34,"column":2},"end":{"line":34,"column":80}},"type":"if","locations":[{"start":{"line":34,"column":2},"end":{"line":34,"column":80}},{"start":{"line":34,"column":2},"end":{"line":34,"column":80}}],"line":34},"1":{"loc":{"start":{"line":34,"column":6},"end":{"line":34,"column":45}},"type":"binary-expr","locations":[{"start":{"line":34,"column":6},"end":{"line":34,"column":22}},{"start":{"line":34,"column":26},"end":{"line":34,"column":45}}],"line":34},"2":{"loc":{"start":{"line":36,"column":22},"end":{"line":38,"column":28}},"type":"cond-expr","locations":[{"start":{"line":37,"column":6},"end":{"line":37,"column":11}},{"start":{"line":38,"column":6},"end":{"line":38,"column":28}}],"line":36},"3":{"loc":{"start":{"line":42,"column":2},"end":{"line":50,"column":41}},"type":"if","locations":[{"start":{"line":42,"column":2},"end":{"line":50,"column":41}},{"start":{"line":42,"column":2},"end":{"line":50,"column":41}}],"line":42},"4":{"loc":{"start":{"line":61,"column":2},"end":{"line":61,"column":117}},"type":"if","locations":[{"start":{"line":61,"column":2},"end":{"line":61,"column":117}},{"start":{"line":61,"column":2},"end":{"line":61,"column":117}}],"line":61},"5":{"loc":{"start":{"line":61,"column":6},"end":{"line":61,"column":61}},"type":"binary-expr","locations":[{"start":{"line":61,"column":6},"end":{"line":61,"column":15}},{"start":{"line":61,"column":19},"end":{"line":61,"column":40}},{"start":{"line":61,"column":44},"end":{"line":61,"column":61}}],"line":61},"6":{"loc":{"start":{"line":62,"column":2},"end":{"line":71,"column":3}},"type":"if","locations":[{"start":{"line":62,"column":2},"end":{"line":71,"column":3}},{"start":{"line":62,"column":2},"end":{"line":71,"column":3}}],"line":62},"7":{"loc":{"start":{"line":62,"column":6},"end":{"line":62,"column":39}},"type":"binary-expr","locations":[{"start":{"line":62,"column":6},"end":{"line":62,"column":25}},{"start":{"line":62,"column":29},"end":{"line":62,"column":39}}],"line":62},"8":{"loc":{"start":{"line":75,"column":2},"end":{"line":79,"column":3}},"type":"if","locations":[{"start":{"line":75,"column":2},"end":{"line":79,"column":3}},{"start":{"line":75,"column":2},"end":{"line":79,"column":3}}],"line":75},"9":{"loc":{"start":{"line":75,"column":6},"end":{"line":75,"column":104}},"type":"binary-expr","locations":[{"start":{"line":75,"column":6},"end":{"line":75,"column":67}},{"start":{"line":75,"column":71},"end":{"line":75,"column":84}},{"start":{"line":75,"column":88},"end":{"line":75,"column":104}}],"line":75},"10":{"loc":{"start":{"line":83,"column":2},"end":{"line":83,"column":67}},"type":"if","locations":[{"start":{"line":83,"column":2},"end":{"line":83,"column":67}},{"start":{"line":83,"column":2},"end":{"line":83,"column":67}}],"line":83},"11":{"loc":{"start":{"line":84,"column":2},"end":{"line":86,"column":3}},"type":"if","locations":[{"start":{"line":84,"column":2},"end":{"line":86,"column":3}},{"start":{"line":84,"column":2},"end":{"line":86,"column":3}}],"line":84},"12":{"loc":{"start":{"line":84,"column":6},"end":{"line":84,"column":64}},"type":"binary-expr","locations":[{"start":{"line":84,"column":6},"end":{"line":84,"column":22}},{"start":{"line":84,"column":26},"end":{"line":84,"column":64}}],"line":84},"13":{"loc":{"start":{"line":90,"column":2},"end":{"line":94,"column":3}},"type":"if","locations":[{"start":{"line":90,"column":2},"end":{"line":94,"column":3}},{"start":{"line":90,"column":2},"end":{"line":94,"column":3}}],"line":90},"14":{"loc":{"start":{"line":90,"column":6},"end":{"line":91,"column":34}},"type":"binary-expr","locations":[{"start":{"line":90,"column":6},"end":{"line":90,"column":67}},{"start":{"line":91,"column":4},"end":{"line":91,"column":15}},{"start":{"line":91,"column":19},"end":{"line":91,"column":33}}],"line":90},"15":{"loc":{"start":{"line":102,"column":2},"end":{"line":102,"column":65}},"type":"if","locations":[{"start":{"line":102,"column":2},"end":{"line":102,"column":65}},{"start":{"line":102,"column":2},"end":{"line":102,"column":65}}],"line":102},"16":{"loc":{"start":{"line":107,"column":2},"end":{"line":107,"column":67}},"type":"if","locations":[{"start":{"line":107,"column":2},"end":{"line":107,"column":67}},{"start":{"line":107,"column":2},"end":{"line":107,"column":67}}],"line":107},"17":{"loc":{"start":{"line":107,"column":6},"end":{"line":107,"column":55}},"type":"binary-expr","locations":[{"start":{"line":107,"column":6},"end":{"line":107,"column":21}},{"start":{"line":107,"column":25},"end":{"line":107,"column":55}}],"line":107},"18":{"loc":{"start":{"line":116,"column":2},"end":{"line":119,"column":21}},"type":"if","locations":[{"start":{"line":116,"column":2},"end":{"line":119,"column":21}},{"start":{"line":116,"column":2},"end":{"line":119,"column":21}}],"line":116},"19":{"loc":{"start":{"line":116,"column":6},"end":{"line":119,"column":13}},"type":"binary-expr","locations":[{"start":{"line":116,"column":7},"end":{"line":116,"column":22}},{"start":{"line":116,"column":27},"end":{"line":116,"column":57}},{"start":{"line":117,"column":4},"end":{"line":117,"column":34}},{"start":{"line":118,"column":4},"end":{"line":118,"column":34}},{"start":{"line":119,"column":5},"end":{"line":119,"column":13}}],"line":116},"20":{"loc":{"start":{"line":126,"column":2},"end":{"line":129,"column":3}},"type":"if","locations":[{"start":{"line":126,"column":2},"end":{"line":129,"column":3}},{"start":{"line":126,"column":2},"end":{"line":129,"column":3}}],"line":126},"21":{"loc":{"start":{"line":126,"column":6},"end":{"line":126,"column":37}},"type":"binary-expr","locations":[{"start":{"line":126,"column":6},"end":{"line":126,"column":26}},{"start":{"line":126,"column":30},"end":{"line":126,"column":37}}],"line":126},"22":{"loc":{"start":{"line":130,"column":2},"end":{"line":132,"column":3}},"type":"if","locations":[{"start":{"line":130,"column":2},"end":{"line":132,"column":3}},{"start":{"line":130,"column":2},"end":{"line":132,"column":3}}],"line":130},"23":{"loc":{"start":{"line":130,"column":6},"end":{"line":130,"column":36}},"type":"binary-expr","locations":[{"start":{"line":130,"column":6},"end":{"line":130,"column":25}},{"start":{"line":130,"column":29},"end":{"line":130,"column":36}}],"line":130},"24":{"loc":{"start":{"line":142,"column":3},"end":{"line":142,"column":51}},"type":"if","locations":[{"start":{"line":142,"column":3},"end":{"line":142,"column":51}},{"start":{"line":142,"column":3},"end":{"line":142,"column":51}}],"line":142},"25":{"loc":{"start":{"line":151,"column":2},"end":{"line":151,"column":32}},"type":"if","locations":[{"start":{"line":151,"column":2},"end":{"line":151,"column":32}},{"start":{"line":151,"column":2},"end":{"line":151,"column":32}}],"line":151},"26":{"loc":{"start":{"line":161,"column":3},"end":{"line":166,"column":4}},"type":"if","locations":[{"start":{"line":161,"column":3},"end":{"line":166,"column":4}},{"start":{"line":161,"column":3},"end":{"line":166,"column":4}}],"line":161},"27":{"loc":{"start":{"line":161,"column":7},"end":{"line":161,"column":37}},"type":"binary-expr","locations":[{"start":{"line":161,"column":7},"end":{"line":161,"column":22}},{"start":{"line":161,"column":26},"end":{"line":161,"column":37}}],"line":161},"28":{"loc":{"start":{"line":192,"column":5},"end":{"line":227,"column":7}},"type":"cond-expr","locations":[{"start":{"line":193,"column":7},"end":{"line":207,"column":8}},{"start":{"line":208,"column":7},"end":{"line":227,"column":7}}],"line":192},"29":{"loc":{"start":{"line":192,"column":5},"end":{"line":192,"column":61}},"type":"binary-expr","locations":[{"start":{"line":192,"column":5},"end":{"line":192,"column":13}},{"start":{"line":192,"column":17},"end":{"line":192,"column":39}},{"start":{"line":192,"column":43},"end":{"line":192,"column":61}}],"line":192}},"s":{"0":1,"1":2,"2":2,"3":2,"4":2,"5":2,"6":2,"7":2,"8":2,"9":2,"10":2,"11":2,"12":2,"13":2,"14":2,"15":2,"16":2,"17":2,"18":1,"19":1,"20":1,"21":0,"22":0,"23":1,"24":1,"25":1,"26":1,"27":0,"28":0,"29":0,"30":1,"31":0,"32":0,"33":0,"34":0,"35":0,"36":2,"37":1,"38":0,"39":1,"40":0,"41":0,"42":0,"43":0,"44":0,"45":0,"46":0,"47":2,"48":1,"49":1,"50":0,"51":2,"52":1,"53":1,"54":1,"55":0,"56":2,"57":2,"58":0,"59":2,"60":0,"61":2,"62":0,"63":0,"64":0,"65":2,"66":1,"67":0,"68":1,"69":0,"70":2,"71":0,"72":0,"73":0,"74":0,"75":2,"76":0,"77":0,"78":0,"79":0,"80":0,"81":2,"82":0,"83":0,"84":2,"85":1,"86":1,"87":0,"88":1,"89":0,"90":2,"91":1,"92":1,"93":1,"94":0,"95":1,"96":0,"97":2,"98":0,"99":0,"100":0,"101":0,"102":0,"103":0,"104":0,"105":0,"106":0,"107":0,"108":0,"109":2,"110":0,"111":2,"112":0,"113":2,"114":2,"115":2,"116":1,"117":1,"118":2,"119":2},"f":{"0":2,"1":1,"2":0,"3":0,"4":0,"5":1,"6":0,"7":1,"8":0,"9":1,"10":2,"11":0,"12":0,"13":1,"14":0,"15":0,"16":0,"17":0,"18":1,"19":0,"20":1,"21":0,"22":0,"23":0,"24":0,"25":0,"26":0,"27":0,"28":2,"29":1},"b":{"0":[1,0],"1":[1,1],"2":[0,0],"3":[1,0],"4":[0,1],"5":[1,1,0],"6":[0,1],"7":[1,1],"8":[1,0],"9":[1,1,1],"10":[1,0],"11":[0,1],"12":[1,1],"13":[0,2],"14":[2,2,2],"15":[0,0],"16":[0,1],"17":[1,0],"18":[0,0],"19":[0,0,0,0,0],"20":[0,0],"21":[0,0],"22":[0,0],"23":[0,0],"24":[0,1],"25":[0,1],"26":[0,0],"27":[0,0],"28":[2,0],"29":[2,2,0]},"_coverageSchema":"43e27e138ebf9cfc5966b082cf9a028302ed4184","hash":"e0f18fe268db564737a096fe91839c407319ef4a"}
,"/Users/Josie/Travail/Red-Tetris/src/client/src/containers/Game/InGamePage.js": {"path":"/Users/Josie/Travail/Red-Tetris/src/client/src/containers/Game/InGamePage.js","statementMap":{"0":{"start":{"line":6,"column":24},"end":{"line":166,"column":1}},"1":{"start":{"line":7,"column":17},"end":{"line":7,"column":50}},"2":{"start":{"line":8,"column":17},"end":{"line":8,"column":36}},"3":{"start":{"line":9,"column":23},"end":{"line":9,"column":49}},"4":{"start":{"line":11,"column":1},"end":{"line":165,"column":2}},"5":{"start":{"line":17,"column":9},"end":{"line":28,"column":15}},"6":{"start":{"line":20,"column":12},"end":{"line":25,"column":18}},"7":{"start":{"line":41,"column":9},"end":{"line":52,"column":15}},"8":{"start":{"line":44,"column":12},"end":{"line":49,"column":18}},"9":{"start":{"line":72,"column":11},"end":{"line":83,"column":17}},"10":{"start":{"line":75,"column":14},"end":{"line":80,"column":20}},"11":{"start":{"line":96,"column":9},"end":{"line":124,"column":25}},"12":{"start":{"line":96,"column":57},"end":{"line":123,"column":15}},"13":{"start":{"line":100,"column":12},"end":{"line":111,"column":18}},"14":{"start":{"line":103,"column":15},"end":{"line":108,"column":21}},"15":{"start":{"line":124,"column":14},"end":{"line":124,"column":25}},"16":{"start":{"line":131,"column":24},"end":{"line":131,"column":31}},"17":{"start":{"line":137,"column":23},"end":{"line":137,"column":54}},"18":{"start":{"line":152,"column":11},"end":{"line":157,"column":12}},"19":{"start":{"line":153,"column":12},"end":{"line":156,"column":13}},"20":{"start":{"line":154,"column":13},"end":{"line":154,"column":28}},"21":{"start":{"line":155,"column":13},"end":{"line":155,"column":29}},"22":{"start":{"line":159,"column":26},"end":{"line":159,"column":54}}},"fnMap":{"0":{"name":"(anonymous_0)","decl":{"start":{"line":6,"column":24},"end":{"line":6,"column":25}},"loc":{"start":{"line":6,"column":190},"end":{"line":166,"column":1}},"line":6},"1":{"name":"(anonymous_1)","decl":{"start":{"line":16,"column":18},"end":{"line":16,"column":19}},"loc":{"start":{"line":16,"column":33},"end":{"line":29,"column":9}},"line":16},"2":{"name":"(anonymous_2)","decl":{"start":{"line":19,"column":20},"end":{"line":19,"column":21}},"loc":{"start":{"line":19,"column":36},"end":{"line":26,"column":12}},"line":19},"3":{"name":"(anonymous_3)","decl":{"start":{"line":40,"column":19},"end":{"line":40,"column":20}},"loc":{"start":{"line":40,"column":34},"end":{"line":53,"column":9}},"line":40},"4":{"name":"(anonymous_4)","decl":{"start":{"line":43,"column":20},"end":{"line":43,"column":21}},"loc":{"start":{"line":43,"column":36},"end":{"line":50,"column":12}},"line":43},"5":{"name":"(anonymous_5)","decl":{"start":{"line":71,"column":54},"end":{"line":71,"column":55}},"loc":{"start":{"line":71,"column":69},"end":{"line":84,"column":11}},"line":71},"6":{"name":"(anonymous_6)","decl":{"start":{"line":74,"column":22},"end":{"line":74,"column":23}},"loc":{"start":{"line":74,"column":38},"end":{"line":81,"column":14}},"line":74},"7":{"name":"(anonymous_7)","decl":{"start":{"line":95,"column":53},"end":{"line":95,"column":54}},"loc":{"start":{"line":95,"column":70},"end":{"line":125,"column":9}},"line":95},"8":{"name":"(anonymous_8)","decl":{"start":{"line":99,"column":46},"end":{"line":99,"column":47}},"loc":{"start":{"line":99,"column":61},"end":{"line":112,"column":12}},"line":99},"9":{"name":"(anonymous_9)","decl":{"start":{"line":102,"column":23},"end":{"line":102,"column":24}},"loc":{"start":{"line":102,"column":39},"end":{"line":109,"column":15}},"line":102},"10":{"name":"(anonymous_10)","decl":{"start":{"line":131,"column":19},"end":{"line":131,"column":20}},"loc":{"start":{"line":131,"column":23},"end":{"line":131,"column":32}},"line":131},"11":{"name":"(anonymous_11)","decl":{"start":{"line":137,"column":18},"end":{"line":137,"column":19}},"loc":{"start":{"line":137,"column":22},"end":{"line":137,"column":55}},"line":137},"12":{"name":"(anonymous_12)","decl":{"start":{"line":151,"column":21},"end":{"line":151,"column":22}},"loc":{"start":{"line":151,"column":26},"end":{"line":158,"column":11}},"line":151},"13":{"name":"(anonymous_13)","decl":{"start":{"line":159,"column":20},"end":{"line":159,"column":21}},"loc":{"start":{"line":159,"column":25},"end":{"line":159,"column":55}},"line":159}},"branchMap":{"0":{"loc":{"start":{"line":7,"column":17},"end":{"line":7,"column":50}},"type":"binary-expr","locations":[{"start":{"line":7,"column":17},"end":{"line":7,"column":31}},{"start":{"line":7,"column":35},"end":{"line":7,"column":50}}],"line":7},"1":{"loc":{"start":{"line":8,"column":17},"end":{"line":8,"column":36}},"type":"cond-expr","locations":[{"start":{"line":8,"column":29},"end":{"line":8,"column":31}},{"start":{"line":8,"column":34},"end":{"line":8,"column":36}}],"line":8},"2":{"loc":{"start":{"line":21,"column":14},"end":{"line":23,"column":53}},"type":"cond-expr","locations":[{"start":{"line":22,"column":16},"end":{"line":22,"column":73}},{"start":{"line":23,"column":16},"end":{"line":23,"column":53}}],"line":21},"3":{"loc":{"start":{"line":45,"column":14},"end":{"line":47,"column":58}},"type":"cond-expr","locations":[{"start":{"line":46,"column":16},"end":{"line":46,"column":69}},{"start":{"line":47,"column":16},"end":{"line":47,"column":58}}],"line":45},"4":{"loc":{"start":{"line":57,"column":28},"end":{"line":57,"column":58}},"type":"cond-expr","locations":[{"start":{"line":57,"column":47},"end":{"line":57,"column":51}},{"start":{"line":57,"column":54},"end":{"line":57,"column":58}}],"line":57},"5":{"loc":{"start":{"line":60,"column":8},"end":{"line":65,"column":14}},"type":"cond-expr","locations":[{"start":{"line":61,"column":11},"end":{"line":61,"column":15}},{"start":{"line":62,"column":11},"end":{"line":65,"column":14}}],"line":60},"6":{"loc":{"start":{"line":71,"column":10},"end":{"line":84,"column":12}},"type":"binary-expr","locations":[{"start":{"line":71,"column":10},"end":{"line":71,"column":19}},{"start":{"line":71,"column":23},"end":{"line":84,"column":12}}],"line":71},"7":{"loc":{"start":{"line":76,"column":16},"end":{"line":78,"column":64}},"type":"cond-expr","locations":[{"start":{"line":77,"column":18},"end":{"line":77,"column":76}},{"start":{"line":78,"column":18},"end":{"line":78,"column":64}}],"line":76},"8":{"loc":{"start":{"line":89,"column":50},"end":{"line":89,"column":75}},"type":"cond-expr","locations":[{"start":{"line":89,"column":64},"end":{"line":89,"column":67}},{"start":{"line":89,"column":70},"end":{"line":89,"column":75}}],"line":89},"9":{"loc":{"start":{"line":91,"column":49},"end":{"line":91,"column":72}},"type":"cond-expr","locations":[{"start":{"line":91,"column":62},"end":{"line":91,"column":65}},{"start":{"line":91,"column":68},"end":{"line":91,"column":72}}],"line":91},"10":{"loc":{"start":{"line":92,"column":50},"end":{"line":92,"column":106}},"type":"cond-expr","locations":[{"start":{"line":92,"column":74},"end":{"line":92,"column":82}},{"start":{"line":92,"column":85},"end":{"line":92,"column":106}}],"line":92},"11":{"loc":{"start":{"line":95,"column":10},"end":{"line":125,"column":10}},"type":"binary-expr","locations":[{"start":{"line":95,"column":10},"end":{"line":95,"column":27}},{"start":{"line":95,"column":31},"end":{"line":125,"column":10}}],"line":95},"12":{"loc":{"start":{"line":96,"column":9},"end":{"line":124,"column":25}},"type":"if","locations":[{"start":{"line":96,"column":9},"end":{"line":124,"column":25}},{"start":{"line":96,"column":9},"end":{"line":124,"column":25}}],"line":96},"13":{"loc":{"start":{"line":96,"column":13},"end":{"line":96,"column":55}},"type":"binary-expr","locations":[{"start":{"line":96,"column":13},"end":{"line":96,"column":19}},{"start":{"line":96,"column":23},"end":{"line":96,"column":55}}],"line":96},"14":{"loc":{"start":{"line":99,"column":11},"end":{"line":112,"column":13}},"type":"binary-expr","locations":[{"start":{"line":99,"column":11},"end":{"line":99,"column":24}},{"start":{"line":99,"column":28},"end":{"line":112,"column":13}}],"line":99},"15":{"loc":{"start":{"line":104,"column":17},"end":{"line":106,"column":68}},"type":"cond-expr","locations":[{"start":{"line":105,"column":19},"end":{"line":105,"column":88}},{"start":{"line":106,"column":19},"end":{"line":106,"column":68}}],"line":104},"16":{"loc":{"start":{"line":114,"column":11},"end":{"line":121,"column":17}},"type":"cond-expr","locations":[{"start":{"line":115,"column":13},"end":{"line":115,"column":17}},{"start":{"line":116,"column":13},"end":{"line":121,"column":17}}],"line":114},"17":{"loc":{"start":{"line":127,"column":8},"end":{"line":161,"column":14}},"type":"cond-expr","locations":[{"start":{"line":128,"column":10},"end":{"line":141,"column":14}},{"start":{"line":142,"column":10},"end":{"line":161,"column":14}}],"line":127},"18":{"loc":{"start":{"line":152,"column":11},"end":{"line":157,"column":12}},"type":"if","locations":[{"start":{"line":152,"column":11},"end":{"line":157,"column":12}},{"start":{"line":152,"column":11},"end":{"line":157,"column":12}}],"line":152},"19":{"loc":{"start":{"line":153,"column":12},"end":{"line":156,"column":13}},"type":"if","locations":[{"start":{"line":153,"column":12},"end":{"line":156,"column":13}},{"start":{"line":153,"column":12},"end":{"line":156,"column":13}}],"line":153}},"s":{"0":1,"1":2,"2":2,"3":2,"4":2,"5":40,"6":400,"7":8,"8":32,"9":4,"10":16,"11":6,"12":6,"13":120,"14":1200,"15":0,"16":0,"17":0,"18":0,"19":0,"20":0,"21":0,"22":0},"f":{"0":2,"1":40,"2":400,"3":8,"4":32,"5":4,"6":16,"7":6,"8":120,"9":1200,"10":0,"11":0,"12":0,"13":0},"b":{"0":[2,2],"1":[0,2],"2":[0,400],"3":[8,24],"4":[1,1],"5":[1,1],"6":[2,1],"7":[4,12],"8":[0,2],"9":[0,2],"10":[0,2],"11":[2,2],"12":[6,0],"13":[6,6],"14":[6,6],"15":[74,1126],"16":[4,2],"17":[1,1],"18":[0,0],"19":[0,0]},"_coverageSchema":"43e27e138ebf9cfc5966b082cf9a028302ed4184","hash":"bc73b359dcb71386fa4751f0fba47f0e6b949ac6"}
,"/Users/Josie/Travail/Red-Tetris/src/client/src/containers/Game/checkFunctions.js": {"path":"/Users/Josie/Travail/Red-Tetris/src/client/src/containers/Game/checkFunctions.js","statementMap":{"0":{"start":{"line":1,"column":26},"end":{"line":10,"column":1}},"1":{"start":{"line":2,"column":1},"end":{"line":9,"column":3}},"2":{"start":{"line":3,"column":2},"end":{"line":7,"column":4}},"3":{"start":{"line":4,"column":3},"end":{"line":4,"column":21}},"4":{"start":{"line":5,"column":3},"end":{"line":5,"column":44}},"5":{"start":{"line":6,"column":3},"end":{"line":6,"column":13}},"6":{"start":{"line":8,"column":2},"end":{"line":8,"column":12}},"7":{"start":{"line":12,"column":25},"end":{"line":25,"column":1}},"8":{"start":{"line":13,"column":13},"end":{"line":13,"column":15}},"9":{"start":{"line":14,"column":1},"end":{"line":19,"column":3}},"10":{"start":{"line":15,"column":2},"end":{"line":17,"column":3}},"11":{"start":{"line":15,"column":27},"end":{"line":15,"column":52}},"12":{"start":{"line":16,"column":3},"end":{"line":16,"column":16}},"13":{"start":{"line":18,"column":2},"end":{"line":18,"column":13}},"14":{"start":{"line":20,"column":1},"end":{"line":24,"column":2}},"15":{"start":{"line":21,"column":2},"end":{"line":21,"column":39}},"16":{"start":{"line":22,"column":2},"end":{"line":22,"column":35}},"17":{"start":{"line":23,"column":2},"end":{"line":23,"column":36}},"18":{"start":{"line":27,"column":24},"end":{"line":59,"column":1}},"19":{"start":{"line":30,"column":1},"end":{"line":58,"column":3}},"20":{"start":{"line":31,"column":2},"end":{"line":31,"column":67}},"21":{"start":{"line":31,"column":50},"end":{"line":31,"column":67}},"22":{"start":{"line":32,"column":2},"end":{"line":57,"column":40}},"23":{"start":{"line":33,"column":3},"end":{"line":33,"column":19}},"24":{"start":{"line":34,"column":3},"end":{"line":34,"column":25}},"25":{"start":{"line":35,"column":3},"end":{"line":35,"column":37}},"26":{"start":{"line":36,"column":3},"end":{"line":45,"column":5}},"27":{"star
[...]
,"end":{"line":7,"column":61}}],"line":7},"1":{"loc":{"start":{"line":17,"column":2},"end":{"line":19,"column":3}},"type":"if","locations":[{"start":{"line":17,"column":2},"end":{"line":19,"column":3}},{"start":{"line":17,"column":2},"end":{"line":19,"column":3}}],"line":17},"2":{"loc":{"start":{"line":34,"column":4},"end":{"line":44,"column":5}},"type":"if","locations":[{"start":{"line":34,"column":4},"end":{"line":44,"column":5}},{"start":{"line":34,"column":4},"end":{"line":44,"column":5}}],"line":34},"3":{"loc":{"start":{"line":39,"column":5},"end":{"line":43,"column":6}},"type":"if","locations":[{"start":{"line":39,"column":5},"end":{"line":43,"column":6}},{"start":{"line":39,"column":5},"end":{"line":43,"column":6}}],"line":39},"4":{"loc":{"start":{"line":69,"column":3},"end":{"line":79,"column":4}},"type":"if","locations":[{"start":{"line":69,"column":3},"end":{"line":79,"column":4}},{"start":{"line":69,"column":3},"end":{"line":79,"column":4}}],"line":69},"5":{"loc":{"start":{"line":69,"column":7},"end":{"line":69,"column":51}},"type":"binary-expr","locations":[{"start":{"line":69,"column":7},"end":{"line":69,"column":11}},{"start":{"line":69,"column":15},"end":{"line":69,"column":26}},{"start":{"line":69,"column":30},"end":{"line":69,"column":51}}],"line":69},"6":{"loc":{"start":{"line":71,"column":5},"end":{"line":73,"column":6}},"type":"if","locations":[{"start":{"line":71,"column":5},"end":{"line":73,"column":6}},{"start":{"line":71,"column":5},"end":{"line":73,"column":6}}],"line":71},"7":{"loc":{"start":{"line":83,"column":3},"end":{"line":94,"column":4}},"type":"if","locations":[{"start":{"line":83,"column":3},"end":{"line":94,"column":4}},{"start":{"line":83,"column":3},"end":{"line":94,"column":4}}],"line":83}},"s":{"0":0,"1":0,"2":0,"3":0,"4":0,"5":0,"6":0,"7":0,"8":0,"9":0,"10":0,"11":0,"12":0,"13":0,"14":0,"15":0,"16":0,"17":0,"18":0,"19":0,"20":0,"21":0,"22":0,"23":0,"24":0,"25":0,"26":0,"27":0,"28":0,"29":0,"30":0,"31":0,"32":0,"33":0,"34":0,"35":0,"36":0,"37":0,"38":0,"39":0,"40":0,"41":0,"42":0,"43":0,"44":0,"45":0,"46":0,"47":0,"48":0,"49":0,"50":0,"51":0,"52":0,"53":0,"54":0,"55":0,"56":0,"57":0,"58":0,"59":0,"60":0,"61":0,"62":0,"63":0,"64":0,"65":0,"66":0,"67":0,"68":0,"69":0,"70":0,"71":0,"72":0},"f":{"0":0,"1":0,"2":0,"3":0,"4":0,"5":0,"6":0,"7":0,"8":0,"9":0,"10":0,"11":0,"12":0,"13":0,"14":0,"15":0,"16":0,"17":0,"18":0,"19":0,"20":0,"21":0},"b":{"0":[0,0],"1":[0,0],"2":[0,0],"3":[0,0],"4":[0,0],"5":[0,0,0],"6":[0,0],"7":[0,0]},"hash":"c591efb1d212717729af5e51393238d4dc4c7642"}
,"/Users/Josie/Travail/Red-Tetris/src/server/sockets/socket-functions.js": {"path":"/Users/Josie/Travail/Red-Tetris/src/server/sockets/socket-functions.js","statementMap":{"0":{"start":{"line":4,"column":19},"end":{"line":4,"column":21}},"1":{"start":{"line":5,"column":19},"end":{"line":5,"column":21}},"2":{"start":{"line":6,"column":21},"end":{"line":17,"column":1}},"3":{"start":{"line":19,"column":27},"end":{"line":21,"column":1}},"4":{"start":{"line":20,"column":1},"end":{"line":20,"column":32}},"5":{"start":{"line":23,"column":29},"end":{"line":26,"column":1}},"6":{"start":{"line":24,"column":20},"end":{"line":24,"column":55}},"7":{"start":{"line":25,"column":1},"end":{"line":25,"column":49}},"8":{"start":{"line":25,"column":29},"end":{"line":25,"column":48}},"9":{"start":{"line":28,"column":28},"end":{"line":34,"column":1}},"10":{"start":{"line":29,"column":17},"end":{"line":29,"column":32}},"11":{"start":{"line":30,"column":1},"end":{"line":32,"column":2}},"12":{"start":{"line":31,"column":2},"end":{"line":31,"column":25}},"13":{"start":{"line":33,"column":1},"end":{"line":33,"column":56}},"14":{"start":{"line":36,"column":31},"end":{"line":40,"column":1}},"15":{"start":{"line":37,"column":1},"end":{"line":39,"column":2}},"16":{"start":{"line":37,"column":14},"end":{"line":37,"column":15}},"17":{"start":{"line":38,"column":2},"end":{"line":38,"column":20}},"18":{"start":{"line":42,"column":30},"end":{"line":45,"column":1}},"19":{"start":{"line":43,"column":16},"end":{"line":43,"column":31}},"20":{"start":{"line":44,"column":1},"end":{"line":44,"column":22}},"21":{"start":{"line":47,"column":34},"end":{"line":52,"column":1}},"22":{"start":{"line":48,"column":16},"end":{"line":48,"column":39}},"23":{"start":{"line":49,"column":1},"end":{"line":49,"column":27}},"24":{"start":{"line":50,"column":1},"end":{"line":50,"column":38}},"25":{"start":{"line":51,"column":1},"end":{"line":51,"column":28}},"26":{"start":{"line":54,"column":28},"end":{"line":63,"column":1}},"27":{"start":{"line":55,"column":18},"end":{"line":55,"column":30}},"28":{"start":{"line":56,"column":1},"end":{"line":62,"column":3}},"29":{"start":{"line":65,"column":32},"end":{"line":67,"column":1}},"30":{"start":{"line":66,"column":1},"end":{"line":66,"column":40}},"31":{"start":{"line":69,"column":24},"end":{"line":79,"column":1}},"32":{"start":{"line":70,"column":1},"end":{"line":78,"column":3}},"33":{"start":{"line":71,"column":2},"end":{"line":71,"column":36}},"34":{"start":{"line":72,"column":2},"end":{"line":72,"column":55}},"35":{"start":{"line":73,"column":2},"end":{"line":77,"column":4}},"36":{"start":{"line":81,"column":26},"end":{"line":93,"column":1}},"37":{"start":{"line":82,"column":13},"end":{"line":82,"column":57}},"38":{"start":{"line":83,"column":1},"end":{"line":92,"column":2}},"39":{"start":{"line":85,"column":2},"end":{"line":91,"column":3}},"40":{"start":{"line":86,"column":3},"end":{"line":86,"column":54}},"41":{"start":{"line":87,"column":3},"end":{"line":87,"column":48}},"42":{"start":{"line":89,"column":3},"end":{"line":89,"column":54}},"43":{"start":{"line":90,"column":3},"end":{"line":90,"column":48}},"44":{"start":{"line":95,"column":25},"end":{"line":134,"column":1}},"45":{"start":{"line":96,"column":15},"end":{"line":96,"column":19}},"46":{"start":{"line":98,"column":1},"end":{"line":104,"column":3}},"47":{"start":{"line":99,"column":2},"end":{"line":103,"column":4}},"48":{"start":{"line":100,"column":3},"end":{"line":102,"column":4}},"49":{"start":{"line":101,"column":4},"end":{"line":101,"column":18}},"50":{"start":{"line":105,"column":1},"end":{"line":109,"column":4}},"51":{"start":{"line":105,"column":26},"end":{"line":109,"column":3}},"52":{"start":{"line":106,"column":2},"end":{"line":108,"column":3}},"53":{"start":{"line":107,"column":3},"end":{"line":107,"column":26}},"54":{"start":{"line":110,"column":1},"end":{"line":129,"column":2}},"55":{"start":{"line":111,"column":2},"end":{"line":121,"column":4}},"56":{"start":{"line":112,"column":3},"end":{"line":120,"column":4}},"57":{"start":{"line":113,"column":20},"end":{"line":113,"column":52}},"58":{"start":{"line":114,"column":4},"end":{"line":117,"column":5}},"59":{"start":{"line":115,"column":5},"end":{"line":115,"column":68}},"60":{"start":{"line":116,"column":5},"end":{"line":116,"column":58}},"61":{"start":{"line":118,"column":4},"end":{"line":118,"column":45}},"62":{"start":{"line":119,"column":4},"end":{"line":119,"column":25}},"63":{"start":{"line":122,"column":2},"end":{"line":122,"column":51}},"64":{"start":{"line":123,"column":2},"end":{"line":126,"column":4}},"65":{"start":{"line":127,"column":2},"end":{"line":127,"column":58}},"66":{"start":{"line":128,"column":2},"end":{"line":128,"column":55}},"67":{"start":{"line":130,"column":1},"end":{"line":133,"column":3}},"68":{"start":{"line":131,"column":2},"end":{"line":131,"column":98}},"69":{"start":{"line":131,"column":80},"end":{"line":131,"column":98}},"70":{"start":{"line":132,"column":2},"end":{"line":132,"column":137}},"71":{"start":{"line":132,"column":82},"end":{"line":132,"column":137}},"72":{"start":{"line":136,"column":26},"end":{"line":163,"column":1}},"73":{"start":{"line":137,"column":15},"end":{"line":137,"column":39}},"74":{"start":{"line":138,"column":21},"end":{"line":139,"column":21}},"75":{"start":{"line":140,"column":1},"end":{"line":140,"column":17}},"76":{"start":{"line":141,"column":1},"end":{"line":141,"column":27}},"77":{"start":{"line":142,"column":1},"end":{"line":149,"column":3}},"78":{"start":{"line":150,"column":1},"end":{"line":162,"column":2}},"79":{"start":{"line":151,"column":2},"end":{"line":151,"column":26}},"80":{"start":{"line":152,"column":2},"end":{"line":159,"column":8}},"81":{"start":{"line":161,"column":2},"end":{"line":161,"column":67}},"82":{"start":{"line":165,"column":32},"end":{"line":192,"column":1}},"83":{"start":{"line":166,"column":15},"end":{"line":166,"column":39}},"84":{"start":{"line":167,"column":21},"end":{"line":167,"column":54}},"85":{"start":{"line":168,"column":15},"end":{"line":169,"column":21}},"86":{"start":{"line":170,"column":1},"end":{"line":191,"column":2}},"87":{"start":{"line":171,"column":2},"end":{"line":171,"column":63}},"88":{"start":{"line":172,"column":2},"end":{"line":172,"column":121}},"89":{"start":{"line":173,"column":2},"end":{"line":180,"column":8}},"90":{"start":{"line":182,"column":2},"end":{"line":190,"column":3}},"91":{"start":{"line":183,"column":3},"end":{"line":183,"column":18}},"92":{"start":{"line":184,"column":9},"end":{"line":190,"column":3}},"93":{"start":{"line":185,"column":3},"end":{"line":186,"column":40}},"94":{"start":{"line":188,"column":3},"end":{"line":189,"column":36}}},"fnMap":{"0":{"name":"(anonymous_0)","decl":{"start":{"line":19,"column":27},"end":{"line":19,"column":28}},"loc":{"start":{"line":19,"column":35},"end":{"line":21,"column":1}},"line":19},"1":{"name":"(anonymous_1)","decl":{"start":{"line":23,"column":29},"end":{"line":23,"column":30}},"loc":{"start":{"line":23,"column":35},"end":{"line":26,"column":1}},"line":23},"2":{"name":"(anonymous_2)","decl":{"start":{"line":25,"column":24},"end":{"line":25,"column":25}},"loc":{"start":{"line":25,"column":29},"end":{"line":25,"column":48}},"line":25},"3":{"name":"(anonymous_3)","decl":{"start":{"line":28,"column":28},"end":{"line":28,"column":29}},"loc":{"start":{"line":28,"column":38},"end":{"line":34,"column":1}},"line":28},"4":{"name":"(anonymous_4)","decl":{"start":{"line":36,"column":31},"end":{"line":36,"column":32}},"loc":{"start":{"line":36,"column":46},"end":{"line":40,"column":1}},"line":36},"5":{"name":"(anonymous_5)","decl":{"start":{"line":42,"column":30},"end":{"line":42,"column":31}},"loc":{"start":{"line":42,"column":44},"end":{"line":45,"column":1}},"line":42},"6":{"name":"(anonymous_6)","decl":{"start":{"line":47,"column":34},"end":{"line":47,"column":35}},"loc":{"start":{"line":47,"column":45},"end":{"line":52,"column":1}},"line":47},"7":{"name":"(anonymous_7)","decl":{"start":{"line":54,"column":28},"end":{"line":54,"column":29}},"loc":{"start":{"line":54,"column":40},"end":{"line":63,"column":1}},"line":54},"8":{"name":"(anonymous_8)","decl":{"start":{"line":65,"column":32},"end":{"line":65,"column":33}},"loc":{"start":{"line":65,"column":54},"end":{"line":67,"column":1}},"line":65},"9":{"name":"(anonymous_9)","decl":{"start":{"line":69,"column":24},"end":{"line":69,"column":25}},"loc":{"start":{"line":69,"column":54},"end":{"line":79,"column":1}},"line":69},"10":{"name":"(anonymous_10)","decl":{"start":{"line":70,"column":19},"end":{"line":70,"column":20}},"loc":{"start":{"line":70,"column":23},"end":{"line":78,"column":2}},"line":70},"11":{"name":"(anonymous_11)","decl":{"start":{"line":81,"column":26},"end":{"line":81,"column":27}},"loc":{"start":{"line":81,"column":52},"end":{"line":93,"column":1}},"line":81},"12":{"name":"(anonymous_12)","decl":{"start":{"line":95,"column":25},"end":{"line":95,"column":26}},"loc":{"start":{"line":95,"column":50},"end":{"line":134,"column":1}},"line":95},"13":{"name":"(anonymous_13)","decl":{"start":{"line":98,"column":24},"end":{"line":98,"column":25}},"loc":{"start":{"line":98,"column":32},"end":{"line":104,"column":2}},"line":98},"14":{"name":"(anonymous_14)","decl":{"start":{"line":99,"column":28},"end":{"line":99,"column":29}},"loc":{"start":{"line":99,"column":36},"end":{"line":103,"column":3}},"line":99},"15":{"name":"(anonymous_15)","decl":{"start":{"line":105,"column":49},"end":{"line":105,"column":50}},"loc":{"start":{"line":105,"column":57},"end":{"line":109,"column":2}},"line":105},"16":{"name":"(anonymous_16)","decl":{"start":{"line":111,"column":31},"end":{"line":111,"column":32}},"loc":{"start":{"line":111,"column":46},"end":{"line":121,"column":3}},"line":111},"17":{"name":"(anonymous_17)","decl":{"start":{"line":130,"column":24},"end":{"line":130,"column":25}},"loc":{"start":{"line":130,"column":32},"end":{"line":133,"column":2}},"line":130},"18":{"name":"(anonymous_18)","decl":{"start":{"line":136,"column":26},"end":{"line":136,"column":27}},"loc":{"start":{"line":136,"column":48},"end":{"line":163,"column":1}},"line":136},"19":{"name":"(anonymous_19)","decl":{"start":{"line":165,"column":32},"end":{"line":165,"column":33}},"loc":{"start":{"line":165,"column":54},"end":{"line":192,"column":1}},"line":165}},"branchMap":{"0":{"loc":{"start":{"line":30,"column":1},"end":{"line":32,"column":2}},"type":"if","locations":[{"start":{"line":30,"column":1},"end":{"line":32,"column":2}},{"start":{"line":30,"column":1},"end":{"line":32,"column":2}}],"line":30},"1":{"loc":{"start":{"line":83,"column":1},"end":{"line":92,"column":2}},"type":"if","locations":[{"start":{"line":83,"column":1},"end":{"line":92,"column":2}},{"start":{"line":83,"column":1},"end":{"line":92,"column":2}}],"line":83},"2":{"loc":{"start":{"line":83,"column":5},"end":{"line":83,"column":46}},"type":"binary-expr","locations":[{"start":{"line":83,"column":5},"end":{"line":83,"column":9}},{"start":{"line":83,"column":13},"end":{"line":83,"column":35}},{"start":{"line":83,"column":39},"end":{"line":83,"column":46}}],"line":83},"3":{"loc":{"start":{"line":85,"column":2},"end":{"line":91,"column":3}},"type":"if","locations":[{"start":{"line":85,"column":2},"end":{"line":91,"column":3}},{"start":{"line":85,"column":2},"end":{"line":91,"column":3}}],"line":85},"4":{"loc":{"start":{"line":100,"column":3},"end":{"line":102,"column":4}},"type":"if","locations":[{"start":{"line":100,"column":3},"end":{"line":102,"column":4}},{"start":{"line":100,"column":3},"end":{"line":102,"column":4}}],"line":100},"5":{"loc":{"start":{"line":105,"column":1},"end":{"line":109,"column":4}},"type":"if","locations":[{"start":{"line":105,"column":1},"end":{"line":109,"column":4}},{"start":{"line":105,"column":1},"end":{"line":109,"column":4}}],"line":105},"6":{"loc":{"start":{"line":105,"column":5},"end":{"line":105,"column":24}},"type":"binary-expr","locations":[{"start":{"line":105,"column":5},"end":{"line":105,"column":13}},{"start":{"line":105,"column":17},"end":{"line":105,"column":24}}],"line":105},"7":{"loc":{"start":{"line":106,"column":2},"end":{"line":108,"column":3}},"type":"if","locations":[{"start":{"line":106,"column":2},"end":{"line":108,"column":3}},{"start":{"line":106,"column":2},"end":{"line":108,"column":3}}],"line":106},"8":{"loc":{"start":{"line":110,"column":1},"end":{"line":129,"column":2}},"type":"if","locations":[{"start":{"line":110,"column":1},"end":{"line":129,"column":2}},{"start":{"line":110,"column":1},"end":{"line":129,"column":2}}],"line":110},"9":{"loc":{"start":{"line":112,"column":3},"end":{"line":120,"column":4}},"type":"if","locations":[{"start":{"line":112,"column":3},"end":{"line":120,"column":4}},{"start":{"line":112,"column":3},"end":{"line":120,"column":4}}],"line":112},"10":{"loc":{"start":{"line":114,"column":4},"end":{"line":117,"column":5}},"type":"if","locations":[{"start":{"line":114,"column":4},"end":{"line":117,"column":5}},{"start":{"line":114,"column":4},"end":{"line":117,"column":5}}],"line":114},"11":{"loc":{"start":{"line":131,"column":2},"end":{"line":131,"column":98}},"type":"if","locations":[{"start":{"line":131,"column":2},"end":{"line":131,"column":98}},{"start":{"line":131,"column":2},"end":{"line":131,"column":98}}],"line":131},"12":{"loc":{"start":{"line":131,"column":6},"end":{"line":131,"column":78}},"type":"binary-expr","locations":[{"start":{"line":131,"column":6},"end":{"line":131,"column":17}},{"start":{"line":131,"column":21},"end":{"line":131,"column":42}},{"start":{"line":131,"column":46},"end":{"line":131,"column":78}}],"line":131},"13":{"loc":{"start":{"line":132,"column":2},"end":{"line":132,"column":137}},"type":"if","locations":[{"start":{"line":132,"column":2},"end":{"line":132,"column":137}},{"start":{"line":132,"column":2},"end":{"line":132,"column":137}}],"line":132},"14":{"loc":{"start":{"line":132,"column":6},"end":{"line":132,"column":80}},"type":"binary-expr","locations":[{"start":{"line":132,"column":6},"end":{"line":132,"column":17}},{"start":{"line":132,"column":21},"end":{"line":132,"column":42}},{"start":{"line":132,"column":46},"end":{"line":132,"column":80}}],"line":132},"15":{"loc":{"start":{"line":138,"column":21},"end":{"line":139,"column":21}},"type":"binary-expr","locations":[{"start":{"line":138,"column":21},"end":{"line":138,"column":51}},{"start":{"line":139,"column":1},"end":{"line":139,"column":21}}],"line":138},"16":{"loc":{"start":{"line":150,"column":1},"end":{"line":162,"column":2}},"type":"if","locations":[{"start":{"line":150,"column":1},"end":{"line":162,"column":2}},{"start":{"line":150,"column":1},"end":{"line":162,"column":2}}],"line":150},"17":{"loc":{"start":{"line":168,"column":15},"end":{"line":169,"column":21}},"type":"binary-expr","locations":[{"start":{"line":168,"column":15},"end":{"line":168,"column":48}},{"start":{"line":169,"column":3},"end":{"line":169,"column":21}}],"line":168},"18":{"loc":{"start":{"line":170,"column":1},"end":{"line":191,"column":2}},"type":"if","locations":[{"start":{"line":170,"column":1},"end":{"line":191,"column":2}},{"start":{"line":170,"column":1},"end":{"line":191,"column":2}}],"line":170},"19":{"loc":{"start":{"line":170,"column":5},"end":{"line":170,"column":73}},"type":"binary-expr","locations":[{"start":{"line":170,"column":5},"end":{"line":170,"column":12}},{"start":{"line":170,"column":16},"end":{"line":170,"column":30}},{"start":{"line":170,"column":34},"end":{"line":170,"column":45}},{"start":{"line":170,"column":49},"end":{"line":170,"column":73}}],"line":170},"20":{"loc":{"start":{"line":182,"column":2},"end":{"line":190,"column":3}},"type":"if","locations":[{"start":{"line":182,"column":2},"end":{"line":190,"column":3}},{"start":{"line":182,"column":2},"end":{"line":190,"column":3}}],"line":182},"21":{"loc":{"start":{"line":184,"column":9},"end":{"line":190,"column":3}},"type":"if","locations":[{"start":{"line":184,"column":9},"end":{"line":190,"column":3}},{"start":{"line":184,"column":9},"end":{"line":190,"column":3}}],"line":184},"22":{"loc":{"start":{"line":184,"column":13},"end":{"line":184,"column":51}},"type":"binary-expr","locations":[{"start":{"line":184,"column":13},"end":{"line":184,"column":24}},{"start":{"line":184,"column":28},"end":{"line":184,"column":51}}],"line":184}},"s":{"0":0,"1":0,"2":0,"3":0,"4":0,"5":0,"6":0,"7":0,"8":0,"9":0,"10":0,"11":0,"12":0,"13":0,"14":0,"15":0,"16":0,"17":0,"18":0,"19":0,"20":0,"21":0,"22":0,"23":0,"24":0,"25":0,"26":0,"27":0,"28":0,"29":0,"30":0,"31":0,"32":0,"33":0,"34":0,"35":0,"36":0,"37":0,"38":0,"39":0,"40":0,"41":0,"42":0,"43":0,"44":0,"45":0,"46":0,"47":0,"48":0,"49":0,"50":0,"51":0,"52":0,"53":0,"54":0,"55":0,"56":0,"57":0,"58":0,"59":0,"60":0,"61":0,"62":0,"63":0,"64":0,"65":0,"66":0,"67":0,"68":0,"69":0,"70":0,"71":0,"72":0,"73":0,"74":0,"75":0,"76":0,"77":0,"78":0,"79":0,"80":0,"81":0,"82":0,"83":0,"84":0,"85":0,"86":0,"87":0,"88":0,"89":0,"90":0,"91":0,"92":0,"93":0,"94":0},"f":{"0":0,"1":0,"2":0,"3":0,"4":0,"5":0,"6":0,"7":0,"8":0,"9":0,"10":0,"11":0,"12":0,"13":0,"14":0,"15":0,"16":0,"17":0,"18":0,"19":0},"b":{"0":[0,0],"1":[0,0],"2":[0,0,0],"3":[0,0],"4":[0,0],"5":[0,0],"6":[0,0],"7":[0,0],"8":[0,0],"9":[0,0],"10":[0,0],"11":[0,0],"12":[0,0,0],"13":[0,0],"14":[0,0,0],"15":[0,0],"16":[0,0],"17":[0,0],"18":[0,0],"19":[0,0,0,0],"20":[0,0],"21":[0,0],"22":[0,0]},"hash":"9a8ead9e3fdde660c7caec57446cf4078118cf17"}
}
