TN:
SF:/Users/Josie/Travail/Red-Tetris/src/client/index.js
FN:11,(anonymous_0)
FN:23,(anonymous_1)
FNF:2
FNH:0
FNDA:0,(anonymous_0)
FNDA:0,(anonymous_1)
DA:11,0
DA:12,0
DA:13,0
DA:15,0
DA:16,0
DA:17,0
DA:18,0
DA:19,0
DA:20,0
DA:23,0
DA:24,0
DA:26,0
DA:27,0
DA:28,0
DA:29,0
DA:30,0
DA:31,0
DA:34,0
DA:35,0
DA:36,0
DA:38,0
DA:39,0
DA:40,0
DA:43,0
DA:48,0
LF:25
LH:0
BRDA:12,0,0,0
BRDA:12,0,1,0
BRDA:15,1,0,0
BRDA:15,1,1,0
BRDA:18,2,0,0
BRDA:18,2,1,0
BRDA:26,3,0,0
BRDA:26,3,1,0
BRDA:29,4,0,0
BRDA:29,4,1,0
BRDA:38,5,0,0
BRDA:38,5,1,0
BRDA:38,6,0,0
BRDA:38,6,1,0
BRF:14
BRH:0
end_of_record
TN:
SF:/Users/Josie/Travail/Red-Tetris/src/client/src/App.js
FN:9,(anonymous_0)
FN:13,(anonymous_1)
FN:17,(anonymous_2)
FN:21,(anonymous_3)
FN:22,(anonymous_4)
FN:29,(anonymous_5)
FN:36,(anonymous_6)
FN:40,(anonymous_7)
FNF:8
FNH:4
FNDA:1,(anonymous_0)
FNDA:0,(anonymous_1)
FNDA:0,(anonymous_2)
FNDA:1,(anonymous_3)
FNDA:0,(anonymous_4)
FNDA:0,(anonymous_5)
FNDA:1,(anonymous_6)
FNDA:1,(anonymous_7)
DA:9,1
DA:10,1
DA:11,1
DA:13,1
DA:14,0
DA:17,1
DA:18,0
DA:21,1
DA:22,1
DA:23,0
DA:25,1
DA:26,1
DA:27,1
DA:28,1
DA:29,1
DA:30,0
DA:32,1
DA:33,1
DA:34,1
DA:36,1
DA:37,1
DA:40,1
DA:41,1
DA:42,1
DA:45,1
LF:25
LH:21
BRDA:37,0,0,1
BRDA:37,0,1,0
BRDA:58,1,0,0
BRDA:58,1,1,1
BRF:4
BRH:2
end_of_record
TN:
SF:/Users/Josie/Travail/Red-Tetris/src/client/src/serviceWorker.js
FN:23,register
FN:34,(anonymous_1)
FN:43,(anonymous_2)
FN:57,registerValidSW
FN:60,(anonymous_4)
FN:61,(anonymous_5)
FN:66,(anonymous_6)
FN:96,(anonymous_7)
FN:101,checkValidServiceWorker
FN:104,(anonymous_9)
FN:112,(anonymous_10)
FN:113,(anonymous_11)
FN:122,(anonymous_12)
FN:129,unregister
FN:131,(anonymous_14)
FNF:15
FNH:0
FNDA:0,register
FNDA:0,(anonymous_1)
FNDA:0,(anonymous_2)
FNDA:0,registerValidSW
FNDA:0,(anonymous_4)
FNDA:0,(anonymous_5)
FNDA:0,(anonymous_6)
FNDA:0,(anonymous_7)
FNDA:0,checkValidServiceWorker
FNDA:0,(anonymous_9)
FNDA:0,(anonymous_10)
FNDA:0,(anonymous_11)
FNDA:0,(anonymous_12)
FNDA:0,unregister
FNDA:0,(anonymous_14)
DA:13,0
DA:24,0
DA:26,0
DA:27,0
DA:31,0
DA:34,0
DA:35,0
DA:37,0
DA:39,0
DA:43,0
DA:44,0
DA:51,0
DA:58,0
DA:61,0
DA:62,0
DA:63,0
DA:64,0
DA:66,0
DA:67,0
DA:68,0
DA:72,0
DA:78,0
DA:79,0
DA:85,0
DA:88,0
DA:89,0
DA:97,0
DA:103,0
DA:106,0
DA:107,0
DA:112,0
DA:113,0
DA:114,0
DA:119,0
DA:123,0
DA:130,0
DA:131,0
DA:132,0
LF:38
LH:0
BRDA:14,0,0,0
BRDA:14,0,1,0
BRDA:14,0,2,0
BRDA:24,1,0,0
BRDA:24,1,1,0
BRDA:24,2,0,0
BRDA:24,2,1,0
BRDA:27,3,0,0
BRDA:27,3,1,0
BRDA:37,4,0,0
BRDA:37,4,1,0
BRDA:63,5,0,0
BRDA:63,5,1,0
BRDA:67,6,0,0
BRDA:67,6,1,0
BRDA:68,7,0,0
BRDA:68,7,1,0
BRDA:78,8,0,0
BRDA:78,8,1,0
BRDA:78,9,0,0
BRDA:78,9,1,0
BRDA:88,10,0,0
BRDA:88,10,1,0
BRDA:88,11,0,0
BRDA:88,11,1,0
BRDA:107,12,0,0
BRDA:107,12,1,0
BRDA:108,13,0,0
BRDA:108,13,1,0
BRDA:108,13,2,0
BRDA:130,14,0,0
BRDA:130,14,1,0
BRF:32
BRH:0
end_of_record
TN:
SF:/Users/Josie/Travail/Red-Tetris/src/client/src/components/Block.js
FN:23,(anonymous_0)
FNF:1
FNH:1
FNDA:3448,(anonymous_0)
DA:3,1
DA:14,1
DA:19,1
DA:23,1
DA:24,3448
LF:5
LH:5
BRDA:26,0,0,3215
BRDA:26,0,1,233
BRDA:27,1,0,1126
BRDA:27,1,1,2089
BRDA:30,2,0,36
BRDA:30,2,1,197
BRDA:32,3,0,74
BRDA:32,3,1,123
BRF:8
BRH:8
end_of_record
TN:
SF:/Users/Josie/Travail/Red-Tetris/src/client/src/components/MenuSubSection.js
FN:5,(anonymous_0)
FN:8,(anonymous_1)
FN:15,(anonymous_2)
FN:25,(anonymous_3)
FN:28,(anonymous_4)
FN:36,(anonymous_5)
FN:45,(anonymous_6)
FN:53,(anonymous_7)
FN:63,(anonymous_8)
FN:66,(anonymous_9)
FN:74,(anonymous_10)
FNF:11
FNH:4
FNDA:1,(anonymous_0)
FNDA:0,(anonymous_1)
FNDA:1,(anonymous_2)
FNDA:0,(anonymous_3)
FNDA:0,(anonymous_4)
FNDA:0,(anonymous_5)
FNDA:1,(anonymous_6)
FNDA:1,(anonymous_7)
FNDA:0,(anonymous_8)
FNDA:0,(anonymous_9)
FNDA:0,(anonymous_10)
DA:5,1
DA:6,1
DA:8,0
DA:15,1
DA:16,1
DA:18,1
DA:26,0
DA:29,0
DA:30,0
DA:31,0
DA:32,0
DA:37,0
DA:45,1
DA:46,1
DA:53,1
DA:54,1
DA:56,1
DA:64,0
DA:67,0
DA:68,0
DA:69,0
DA:75,0
DA:83,1
DA:84,1
DA:85,1
DA:86,1
LF:26
LH:14
BRDA:7,0,0,0
BRDA:7,0,1,1
BRDA:19,1,0,0
BRDA:19,1,1,1
BRDA:29,2,0,0
BRDA:29,2,1,0
BRDA:30,3,0,0
BRDA:30,3,1,0
BRDA:37,4,0,0
BRDA:37,4,1,0
BRDA:47,5,0,0
BRDA:47,5,1,1
BRDA:57,6,0,0
BRDA:57,6,1,1
BRDA:67,7,0,0
BRDA:67,7,1,0
BRDA:68,8,0,0
BRDA:68,8,1,0
BRDA:75,9,0,0
BRDA:75,9,1,0
BRF:20
BRH:4
end_of_record
TN:
SF:/Users/Josie/Travail/Red-Tetris/src/client/src/components/OnlineListPopup.js
FN:4,(anonymous_0)
FN:40,(anonymous_1)
FN:46,(anonymous_2)
FN:55,(anonymous_3)
FNF:4
FNH:0
FNDA:0,(anonymous_0)
FNDA:0,(anonymous_1)
FNDA:0,(anonymous_2)
FNDA:0,(anonymous_3)
DA:4,1
DA:40,1
DA:41,0
DA:47,0
DA:55,0
LF:5
LH:2
BRDA:45,0,0,0
BRDA:45,0,1,0
BRDA:49,1,0,0
BRDA:49,1,1,0
BRF:4
BRH:0
end_of_record
TN:
SF:/Users/Josie/Travail/Red-Tetris/src/client/src/components/Option.js
FN:5,(anonymous_0)
FN:11,(anonymous_1)
FN:12,(anonymous_2)
FNF:3
FNH:1
FNDA:4,(anonymous_0)
FNDA:0,(anonymous_1)
FNDA:0,(anonymous_2)
DA:5,1
DA:6,4
DA:7,4
DA:8,4
DA:11,0
DA:13,0
DA:23,1
LF:7
LH:5
BRDA:11,0,0,0
BRDA:11,0,1,0
BRF:2
BRH:0
end_of_record
TN:
SF:/Users/Josie/Travail/Red-Tetris/src/client/src/components/Popup.js
FN:4,(anonymous_0)
FN:40,(anonymous_1)
FN:50,(anonymous_2)
FNF:3
FNH:0
FNDA:0,(anonymous_0)
FNDA:0,(anonymous_1)
FNDA:0,(anonymous_2)
DA:4,1
DA:40,1
DA:41,0
DA:50,0
LF:4
LH:2
BRF:0
BRH:0
end_of_record
TN:
SF:/Users/Josie/Travail/Red-Tetris/src/client/src/components/Title.js
FN:6,(anonymous_0)
FNF:1
FNH:1
FNDA:1,(anonymous_0)
DA:6,1
DA:7,1
DA:8,1
LF:3
LH:3
BRF:0
BRH:0
end_of_record
TN:
SF:/Users/Josie/Travail/Red-Tetris/src/client/src/components/canFit.js
FN:1,(anonymous_0)
FN:4,(anonymous_1)
FN:5,(anonymous_2)
FNF:3
FNH:0
FNDA:0,(anonymous_0)
FNDA:0,(anonymous_1)
FNDA:0,(anonymous_2)
DA:1,1
DA:2,0
DA:4,0
DA:5,0
DA:6,0
DA:10,0
DA:14,0
LF:7
LH:1
BRDA:6,0,0,0
BRDA:6,0,1,0
BRDA:6,1,0,0
BRDA:6,1,1,0
BRDA:6,1,2,0
BRDA:6,1,3,0
BRDA:6,1,4,0
BRDA:6,1,5,0
BRF:8
BRH:0
end_of_record
TN:
SF:/Users/Josie/Travail/Red-Tetris/src/client/src/components/initialState.js
FN:4,(anonymous_0)
FN:27,(anonymous_1)
FNF:2
FNH:2
FNDA:3,(anonymous_0)
FNDA:7,(anonymous_1)
DA:4,1
DA:5,3
DA:6,3
DA:7,3
DA:8,3
DA:24,3
DA:27,1
DA:28,7
LF:8
LH:8
BRDA:6,0,0,3
BRDA:6,0,1,0
BRF:2
BRH:1
end_of_record
TN:
SF:/Users/Josie/Travail/Red-Tetris/src/client/src/containers/Game/FinishPage.js
FN:6,(anonymous_0)
FN:20,(anonymous_1)
FN:23,(anonymous_2)
FN:26,(anonymous_3)
FN:58,(anonymous_4)
FN:78,(anonymous_5)
FN:97,(anonymous_6)
FN:105,(anonymous_7)
FNF:8
FNH:4
FNDA:3,(anonymous_0)
FNDA:9,(anonymous_1)
FNDA:180,(anonymous_2)
FNDA:1800,(anonymous_3)
FNDA:0,(anonymous_4)
FNDA:0,(anonymous_5)
FNDA:0,(anonymous_6)
FNDA:0,(anonymous_7)
DA:6,1
DA:7,3
DA:8,3
DA:21,9
DA:24,180
DA:27,1800
DA:51,0
DA:58,0
DA:78,0
DA:98,0
DA:99,0
DA:100,0
DA:101,0
DA:105,0
LF:14
LH:6
BRDA:12,0,0,2
BRDA:12,0,1,1
BRDA:14,1,0,2
BRDA:14,1,1,1
BRDA:15,2,0,0
BRDA:15,2,1,3
BRDA:15,3,0,3
BRDA:15,3,1,3
BRDA:20,4,0,3
BRDA:20,4,1,3
BRDA:21,5,0,9
BRDA:21,5,1,0
BRDA:21,6,0,9
BRDA:21,6,1,9
BRDA:23,7,0,9
BRDA:23,7,1,9
BRDA:28,8,0,111
BRDA:28,8,1,1689
BRDA:38,9,0,6
BRDA:38,9,1,3
BRDA:42,10,0,0
BRDA:42,10,1,3
BRDA:44,11,0,0
BRDA:44,11,1,3
BRDA:56,12,0,0
BRDA:56,12,1,3
BRDA:64,13,0,0
BRDA:64,13,1,3
BRDA:67,14,0,0
BRDA:67,14,1,0
BRDA:69,15,0,0
BRDA:69,15,1,0
BRDA:76,16,0,0
BRDA:76,16,1,3
BRDA:77,17,0,0
BRDA:77,17,1,0
BRDA:86,18,0,0
BRDA:86,18,1,3
BRDA:98,19,0,0
BRDA:98,19,1,0
BRDA:99,20,0,0
BRDA:99,20,1,0
BRF:42
BRH:24
end_of_record
TN:
SF:/Users/Josie/Travail/Red-Tetris/src/client/src/containers/Game/Game.js
FN:14,(anonymous_0)
FN:33,(anonymous_1)
FN:35,(anonymous_2)
FN:45,(anonymous_3)
FN:51,(anonymous_4)
FN:60,(anonymous_5)
FN:63,(anonymous_6)
FN:74,(anonymous_7)
FN:76,(anonymous_8)
FN:82,(anonymous_9)
FN:89,(anonymous_10)
FN:97,(anonymous_11)
FN:101,(anonymous_12)
FN:106,(anonymous_13)
FN:108,(anonymous_14)
FN:115,(anonymous_15)
FN:125,(anonymous_16)
FN:135,(anonymous_17)
FN:140,(anonymous_18)
FN:143,(anonymous_19)
FN:148,(anonymous_20)
FN:152,(anonymous_21)
FN:155,(anonymous_22)
FN:157,(anonymous_23)
FN:158,(anonymous_24)
FN:162,(anonymous_25)
FN:171,(anonymous_26)
FN:175,(anonymous_27)
FN:179,(anonymous_28)
FN:183,(anonymous_29)
FNF:30
FNH:11
FNDA:2,(anonymous_0)
FNDA:1,(anonymous_1)
FNDA:0,(anonymous_2)
FNDA:0,(anonymous_3)
FNDA:0,(anonymous_4)
FNDA:1,(anonymous_5)
FNDA:0,(anonymous_6)
FNDA:1,(anonymous_7)
FNDA:0,(anonymous_8)
FNDA:1,(anonymous_9)
FNDA:2,(anonymous_10)
FNDA:0,(anonymous_11)
FNDA:0,(anonymous_12)
FNDA:1,(anonymous_13)
FNDA:0,(anonymous_14)
FNDA:0,(anonymous_15)
FNDA:0,(anonymous_16)
FNDA:0,(anonymous_17)
FNDA:1,(anonymous_18)
FNDA:0,(anonymous_19)
FNDA:1,(anonymous_20)
FNDA:0,(anonymous_21)
FNDA:0,(anonymous_22)
FNDA:0,(anonymous_23)
FNDA:0,(anonymous_24)
FNDA:0,(anonymous_25)
FNDA:0,(anonymous_26)
FNDA:0,(anonymous_27)
FNDA:2,(anonymous_28)
FNDA:1,(anonymous_29)
DA:14,1
DA:15,2
DA:16,2
DA:17,2
DA:18,2
DA:19,2
DA:20,2
DA:21,2
DA:22,2
DA:23,2
DA:24,2
DA:25,2
DA:27,2
DA:28,2
DA:29,2
DA:30,2
DA:31,2
DA:33,2
DA:34,1
DA:35,1
DA:36,0
DA:40,0
DA:42,1
DA:43,1
DA:44,1
DA:45,1
DA:46,0
DA:47,0
DA:50,0
DA:51,1
DA:52,0
DA:53,0
DA:54,0
DA:55,0
DA:56,0
DA:60,2
DA:61,1
DA:62,1
DA:63,0
DA:64,0
DA:65,0
DA:66,0
DA:68,0
DA:70,0
DA:74,2
DA:75,1
DA:76,1
DA:77,0
DA:82,2
DA:83,1
DA:84,1
DA:85,0
DA:89,2
DA:90,2
DA:92,0
DA:97,2
DA:98,0
DA:101,2
DA:102,0
DA:103,0
DA:106,2
DA:107,1
DA:108,1
DA:109,0
DA:115,2
DA:116,0
DA:119,0
DA:120,0
DA:121,0
DA:125,2
DA:126,0
DA:127,0
DA:128,0
DA:130,0
DA:131,0
DA:135,2
DA:136,0
DA:137,0
DA:140,2
DA:141,1
DA:142,1
DA:143,1
DA:144,0
DA:148,2
DA:149,1
DA:150,1
DA:151,1
DA:152,1
DA:155,2
DA:156,0
DA:157,0
DA:158,0
DA:159,0
DA:160,0
DA:161,0
DA:162,0
DA:163,0
DA:164,0
DA:167,0
DA:171,2
DA:172,0
DA:175,2
DA:176,0
DA:179,2
DA:180,2
DA:183,2
DA:184,1
DA:185,1
DA:188,2
DA:190,2
LF:110
LH:63
BRDA:34,0,0,1
BRDA:34,0,1,0
BRDA:34,1,0,1
BRDA:34,1,1,1
BRDA:36,2,0,0
BRDA:36,2,1,0
BRDA:42,3,0,1
BRDA:42,3,1,0
BRDA:61,4,0,0
BRDA:61,4,1,1
BRDA:61,5,0,1
BRDA:61,5,1,1
BRDA:61,5,2,0
BRDA:62,6,0,0
BRDA:62,6,1,1
BRDA:62,7,0,1
BRDA:62,7,1,1
BRDA:75,8,0,1
BRDA:75,8,1,0
BRDA:75,9,0,1
BRDA:75,9,1,1
BRDA:75,9,2,1
BRDA:83,10,0,1
BRDA:83,10,1,0
BRDA:84,11,0,0
BRDA:84,11,1,1
BRDA:84,12,0,1
BRDA:84,12,1,1
BRDA:90,13,0,0
BRDA:90,13,1,2
BRDA:90,14,0,2
BRDA:90,14,1,2
BRDA:90,14,2,2
BRDA:102,15,0,0
BRDA:102,15,1,0
BRDA:107,16,0,0
BRDA:107,16,1,1
BRDA:107,17,0,1
BRDA:107,17,1,0
BRDA:116,18,0,0
BRDA:116,18,1,0
BRDA:116,19,0,0
BRDA:116,19,1,0
BRDA:116,19,2,0
BRDA:116,19,3,0
BRDA:116,19,4,0
BRDA:126,20,0,0
BRDA:126,20,1,0
BRDA:126,21,0,0
BRDA:126,21,1,0
BRDA:130,22,0,0
BRDA:130,22,1,0
BRDA:130,23,0,0
BRDA:130,23,1,0
BRDA:142,24,0,0
BRDA:142,24,1,1
BRDA:151,25,0,0
BRDA:151,25,1,1
BRDA:161,26,0,0
BRDA:161,26,1,0
BRDA:161,27,0,0
BRDA:161,27,1,0
BRDA:192,28,0,2
BRDA:192,28,1,0
BRDA:192,29,0,2
BRDA:192,29,1,2
BRDA:192,29,2,0
BRF:67
BRH:29
end_of_record
TN:
SF:/Users/Josie/Travail/Red-Tetris/src/client/src/containers/Game/InGamePage.js
FN:6,(anonymous_0)
FN:16,(anonymous_1)
FN:19,(anonymous_2)
FN:40,(anonymous_3)
FN:43,(anonymous_4)
FN:71,(anonymous_5)
FN:74,(anonymous_6)
FN:95,(anonymous_7)
FN:99,(anonymous_8)
FN:102,(anonymous_9)
FN:131,(anonymous_10)
FN:137,(anonymous_11)
FN:151,(anonymous_12)
FN:159,(anonymous_13)
FNF:14
FNH:10
FNDA:2,(anonymous_0)
FNDA:40,(anonymous_1)
FNDA:400,(anonymous_2)
FNDA:8,(anonymous_3)
FNDA:32,(anonymous_4)
FNDA:4,(anonymous_5)
FNDA:16,(anonymous_6)
FNDA:6,(anonymous_7)
FNDA:120,(anonymous_8)
FNDA:1200,(anonymous_9)
FNDA:0,(anonymous_10)
FNDA:0,(anonymous_11)
FNDA:0,(anonymous_12)
FNDA:0,(anonymous_13)
DA:6,1
DA:7,2
DA:8,2
DA:9,2
DA:11,2
DA:17,40
DA:20,400
DA:41,8
DA:44,32
DA:72,4
DA:75,16
DA:96,6
DA:100,120
DA:103,1200
DA:124,0
DA:131,0
DA:137,0
DA:152,0
DA:153,0
DA:154,0
DA:155,0
DA:159,0
LF:22
LH:14
BRDA:7,0,0,2
BRDA:7,0,1,2
BRDA:8,1,0,0
BRDA:8,1,1,2
BRDA:21,2,0,0
BRDA:21,2,1,400
BRDA:45,3,0,8
BRDA:45,3,1,24
BRDA:57,4,0,1
BRDA:57,4,1,1
BRDA:60,5,0,1
BRDA:60,5,1,1
BRDA:71,6,0,2
BRDA:71,6,1,1
BRDA:76,7,0,4
BRDA:76,7,1,12
BRDA:89,8,0,0
BRDA:89,8,1,2
BRDA:91,9,0,0
BRDA:91,9,1,2
BRDA:92,10,0,0
BRDA:92,10,1,2
BRDA:95,11,0,2
BRDA:95,11,1,2
BRDA:96,12,0,6
BRDA:96,12,1,0
BRDA:96,13,0,6
BRDA:96,13,1,6
BRDA:99,14,0,6
BRDA:99,14,1,6
BRDA:104,15,0,74
BRDA:104,15,1,1126
BRDA:114,16,0,4
BRDA:114,16,1,2
BRDA:127,17,0,1
BRDA:127,17,1,1
BRDA:152,18,0,0
BRDA:152,18,1,0
BRDA:153,19,0,0
BRDA:153,19,1,0
BRF:40
BRH:30
end_of_record
TN:
SF:/Users/Josie/Travail/Red-Tetris/src/client/src/containers/Game/checkFunctions.js
FN:1,(anonymous_0)
FN:2,(anonymous_1)
FN:3,(anonymous_2)
FN:12,(anonymous_3)
FN:14,(anonymous_4)
FN:15,(anonymous_5)
FN:27,(anonymous_6)
FN:30,(anonymous_7)
FN:36,(anonymous_8)
FN:37,(anonymous_9)
FN:38,(anonymous_10)
FN:48,(anonymous_11)
FN:61,(anonymous_12)
FNF:13
FNH:3
FNDA:0,(anonymous_0)
FNDA:0,(anonymous_1)
FNDA:0,(anonymous_2)
FNDA:2,(anonymous_3)
FNDA:40,(anonymous_4)
FNDA:40,(anonymous_5)
FNDA:0,(anonymous_6)
FNDA:0,(anonymous_7)
FNDA:0,(anonymous_8)
FNDA:0,(anonymous_9)
FNDA:0,(anonymous_10)
FNDA:0,(anonymous_11)
FNDA:0,(anonymous_12)
DA:1,1
DA:2,0
DA:3,0
DA:4,0
DA:5,0
DA:6,0
DA:8,0
DA:12,1
DA:13,2
DA:14,2
DA:15,40
DA:16,0
DA:18,40
DA:20,2
DA:21,0
DA:22,0
DA:23,0
DA:27,1
DA:30,0
DA:31,0
DA:32,0
DA:33,0
DA:34,0
DA:35,0
DA:36,0
DA:37,0
DA:38,0
DA:39,0
DA:40,0
DA:44,0
DA:46,0
DA:47,0
DA:48,0
DA:49,0
DA:50,0
DA:52,0
DA:53,0
DA:54,0
DA:55,0
DA:57,0
DA:61,1
DA:63,0
DA:64,0
DA:65,0
DA:66,0
DA:67,0
DA:68,0
DA:69,0
DA:70,0
DA:71,0
LF:50
LH:9
BRDA:15,0,0,0
BRDA:15,0,1,40
BRDA:15,1,0,40
BRDA:15,1,1,0
BRDA:20,2,0,0
BRDA:20,2,1,2
BRDA:31,3,0,0
BRDA:31,3,1,0
BRDA:32,4,0,0
BRDA:32,4,1,0
BRDA:39,5,0,0
BRDA:39,5,1,0
BRDA:49,6,0,0
BRDA:49,6,1,0
BRDA:49,7,0,0
BRDA:49,7,1,0
BRDA:52,8,0,0
BRDA:52,8,1,0
BRDA:52,9,0,0
BRDA:52,9,1,0
BRDA:69,10,0,0
BRDA:69,10,1,0
BRDA:69,11,0,0
BRDA:69,11,1,0
BRF:24
BRH:3
end_of_record
TN:
SF:/Users/Josie/Travail/Red-Tetris/src/client/src/containers/Game/playerInputs.js
FN:1,(anonymous_0)
FN:3,(anonymous_1)
FN:9,(anonymous_2)
FN:24,(anonymous_3)
FNF:4
FNH:0
FNDA:0,(anonymous_0)
FNDA:0,(anonymous_1)
FNDA:0,(anonymous_2)
FNDA:0,(anonymous_3)
DA:1,1
DA:2,0
DA:3,0
DA:4,0
DA:5,0
DA:8,0
DA:9,0
DA:10,0
DA:11,0
DA:14,0
DA:15,0
DA:16,0
DA:18,0
DA:19,0
DA:20,0
DA:21,0
DA:23,0
DA:24,0
DA:25,0
DA:26,0
DA:39,0
DA:40,0
DA:41,0
LF:23
LH:1
BRDA:2,0,0,0
BRDA:2,0,1,0
BRDA:4,1,0,0
BRDA:4,1,1,0
BRDA:8,2,0,0
BRDA:8,2,1,0
BRDA:10,3,0,0
BRDA:10,3,1,0
BRDA:14,4,0,0
BRDA:14,4,1,0
BRDA:18,5,0,0
BRDA:18,5,1,0
BRDA:23,6,0,0
BRDA:23,6,1,0
BRDA:25,7,0,0
BRDA:25,7,1,0
BRDA:39,8,0,0
BRDA:39,8,1,0
BRF:18
BRH:0
end_of_record
TN:
SF:/Users/Josie/Travail/Red-Tetris/src/client/src/containers/Menu/index.js
FN:18,(anonymous_0)
FN:26,(anonymous_1)
FN:41,(anonymous_2)
FN:42,(anonymous_3)
FN:46,(anonymous_4)
FN:51,(anonymous_5)
FN:69,(anonymous_6)
FN:82,(anonymous_7)
FN:101,(anonymous_8)
FN:119,(anonymous_9)
FN:130,(anonymous_10)
FNF:11
FNH:2
FNDA:0,(anonymous_0)
FNDA:1,(anonymous_1)
FNDA:1,(anonymous_2)
FNDA:0,(anonymous_3)
FNDA:0,(anonymous_4)
FNDA:0,(anonymous_5)
FNDA:0,(anonymous_6)
FNDA:0,(anonymous_7)
FNDA:0,(anonymous_8)
FNDA:0,(anonymous_9)
FNDA:0,(anonymous_10)
DA:18,1
DA:19,0
DA:20,0
DA:21,0
DA:23,0
DA:26,1
DA:33,1
DA:35,1
DA:36,1
DA:37,1
DA:38,1
DA:39,1
DA:41,1
DA:42,1
DA:43,0
DA:45,1
DA:46,1
DA:47,0
DA:51,1
DA:52,0
DA:53,0
DA:56,1
DA:69,0
DA:82,0
DA:102,0
DA:120,0
DA:121,0
DA:122,0
DA:123,0
DA:124,0
DA:126,0
DA:127,0
DA:130,0
LF:33
LH:14
BRDA:20,0,0,0
BRDA:20,0,1,0
BRDA:21,1,0,0
BRDA:21,1,1,0
BRDA:58,2,0,0
BRDA:58,2,1,1
BRDA:62,3,0,0
BRDA:62,3,1,1
BRDA:68,4,0,0
BRDA:68,4,1,1
BRDA:68,5,0,1
BRDA:68,5,1,1
BRDA:76,6,0,0
BRDA:76,6,1,1
BRDA:88,7,0,0
BRDA:88,7,1,1
BRDA:109,8,0,0
BRDA:109,8,1,1
BRDA:120,9,0,0
BRDA:120,9,1,0
BRDA:121,10,0,0
BRDA:121,10,1,0
BRDA:121,11,0,0
BRDA:121,11,1,0
BRDA:126,12,0,0
BRDA:126,12,1,0
BRF:26
BRH:8
end_of_record
TN:
SF:/Users/Josie/Travail/Red-Tetris/src/client/src/containers/Multi/index.js
FN:10,(anonymous_0)
FN:16,(anonymous_1)
FN:22,(anonymous_2)
FN:26,(anonymous_3)
FN:30,(anonymous_4)
FN:33,(anonymous_5)
FN:36,(anonymous_6)
FN:39,(anonymous_7)
FN:42,(anonymous_8)
FN:45,(anonymous_9)
FN:52,(anonymous_10)
FN:61,(anonymous_11)
FN:63,(anonymous_12)
FN:84,(anonymous_13)
FN:104,(anonymous_14)
FN:118,(anonymous_15)
FN:137,(anonymous_16)
FN:145,(anonymous_17)
FNF:18
FNH:0
FNDA:0,(anonymous_0)
FNDA:0,(anonymous_1)
FNDA:0,(anonymous_2)
FNDA:0,(anonymous_3)
FNDA:0,(anonymous_4)
FNDA:0,(anonymous_5)
FNDA:0,(anonymous_6)
FNDA:0,(anonymous_7)
FNDA:0,(anonymous_8)
FNDA:0,(anonymous_9)
FNDA:0,(anonymous_10)
FNDA:0,(anonymous_11)
FNDA:0,(anonymous_12)
FNDA:0,(anonymous_13)
FNDA:0,(anonymous_14)
FNDA:0,(anonymous_15)
FNDA:0,(anonymous_16)
FNDA:0,(anonymous_17)
DA:10,1
DA:11,0
DA:13,0
DA:14,0
DA:16,0
DA:17,0
DA:18,0
DA:22,0
DA:23,0
DA:26,0
DA:27,0
DA:30,0
DA:31,0
DA:32,0
DA:33,0
DA:34,0
DA:36,0
DA:37,0
DA:39,0
DA:40,0
DA:42,0
DA:43,0
DA:45,0
DA:46,0
DA:47,0
DA:49,0
DA:52,0
DA:53,0
DA:54,0
DA:55,0
DA:56,0
DA:57,0
DA:58,0
DA:61,0
DA:62,0
DA:63,0
DA:64,0
DA:68,0
DA:85,0
DA:105,0
DA:118,0
DA:138,0
DA:139,0
DA:140,0
DA:141,0
DA:145,0
LF:46
LH:1
BRDA:16,0,0,0
BRDA:16,0,1,0
BRDA:17,1,0,0
BRDA:17,1,1,0
BRDA:17,2,0,0
BRDA:17,2,1,0
BRDA:62,3,0,0
BRDA:62,3,1,0
BRDA:64,4,0,0
BRDA:64,4,1,0
BRDA:70,5,0,0
BRDA:70,5,1,0
BRDA:92,6,0,0
BRDA:92,6,1,0
BRDA:104,7,0,0
BRDA:104,7,1,0
BRDA:105,8,0,0
BRDA:105,8,1,0
BRDA:108,9,0,0
BRDA:108,9,1,0
BRDA:108,10,0,0
BRDA:108,10,1,0
BRDA:115,11,0,0
BRDA:115,11,1,0
BRDA:115,12,0,0
BRDA:115,12,1,0
BRDA:115,12,2,0
BRDA:122,13,0,0
BRDA:122,13,1,0
BRDA:126,14,0,0
BRDA:126,14,1,0
BRDA:126,15,0,0
BRDA:126,15,1,0
BRDA:138,16,0,0
BRDA:138,16,1,0
BRDA:139,17,0,0
BRDA:139,17,1,0
BRF:37
BRH:0
end_of_record
TN:
SF:/Users/Josie/Travail/Red-Tetris/src/client/src/reducers/reducer.js
FN:33,(anonymous_0)
FNF:1
FNH:0
FNDA:0,(anonymous_0)
DA:1,1
DA:2,1
DA:3,1
DA:4,1
DA:5,1
DA:6,1
DA:7,1
DA:8,1
DA:9,1
DA:10,1
DA:11,1
DA:12,1
DA:13,1
DA:15,1
DA:33,1
DA:34,0
DA:36,0
DA:44,0
DA:49,0
DA:54,0
DA:59,0
DA:64,0
DA:75,0
DA:82,0
DA:89,0
DA:97,0
DA:109,0
DA:114,0
DA:121,0
DA:128,0
LF:30
LH:15
BRDA:33,0,0,0
BRDA:34,1,0,0
BRDA:34,1,1,0
BRDA:34,1,2,0
BRDA:34,1,3,0
BRDA:34,1,4,0
BRDA:34,1,5,0
BRDA:34,1,6,0
BRDA:34,1,7,0
BRDA:34,1,8,0
BRDA:34,1,9,0
BRDA:34,1,10,0
BRDA:34,1,11,0
BRDA:34,1,12,0
BRDA:34,1,13,0
BRDA:70,2,0,0
BRDA:70,2,1,0
BRDA:71,3,0,0
BRDA:71,3,1,0
BRDA:92,4,0,0
BRDA:92,4,1,0
BRDA:93,5,0,0
BRDA:93,5,1,0
BRDA:94,6,0,0
BRDA:94,6,1,0
BRF:25
BRH:0
end_of_record
TN:
SF:/Users/Josie/Travail/Red-Tetris/src/client/src/sockets/emits.js
FN:3,(anonymous_0)
FN:7,(anonymous_1)
FN:11,(anonymous_2)
FN:15,(anonymous_3)
FN:16,(anonymous_4)
FN:22,(anonymous_5)
FN:26,(anonymous_6)
FNF:7
FNH:0
FNDA:0,(anonymous_0)
FNDA:0,(anonymous_1)
FNDA:0,(anonymous_2)
FNDA:0,(anonymous_3)
FNDA:0,(anonymous_4)
FNDA:0,(anonymous_5)
FNDA:0,(anonymous_6)
DA:3,1
DA:4,0
DA:7,1
DA:8,0
DA:11,1
DA:12,0
DA:15,1
DA:16,0
DA:17,0
DA:18,0
DA:22,1
DA:23,0
DA:26,1
DA:27,0
LF:14
LH:6
BRDA:17,0,0,0
BRDA:17,0,1,0
BRF:2
BRH:0
end_of_record
TN:
SF:/Users/Josie/Travail/Red-Tetris/src/client/src/sockets/index.js
FNF:0
FNH:0
DA:3,1
LF:1
LH:1
BRF:0
BRH:0
end_of_record
TN:
SF:/Users/Josie/Travail/Red-Tetris/src/client/src/styles/Game-style.js
FN:3,(anonymous_0)
FNF:1
FNH:1
FNDA:3,(anonymous_0)
DA:1,1
DA:3,3
LF:2
LH:2
BRF:0
BRH:0
end_of_record
TN:
SF:/Users/Josie/Travail/Red-Tetris/src/client/src/styles/Menu-styles.js
FNF:0
FNH:0
DA:3,1
DA:14,1
LF:2
LH:2
BRF:0
BRH:0
end_of_record
TN:
SF:/Users/Josie/Travail/Red-Tetris/src/server/index.js
FN:17,(anonymous_0)
FN:23,(anonymous_1)
FNF:2
FNH:0
FNDA:0,(anonymous_0)
FNDA:0,(anonymous_1)
DA:7,0
DA:8,0
DA:9,0
DA:10,0
DA:11,0
DA:15,0
DA:17,0
DA:18,0
DA:21,0
DA:23,0
LF:10
LH:0
BRF:0
BRH:0
end_of_record
TN:
SF:/Users/Josie/Travail/Red-Tetris/src/server/utils.js
FN:1,(anonymous_0)
FNF:1
FNH:0
FNDA:0,(anonymous_0)
DA:1,0
DA:2,0
LF:2
LH:0
BRF:0
BRH:0
end_of_record
TN:
SF:/Users/Josie/Travail/Red-Tetris/src/server/sockets/index.js
FN:5,(anonymous_0)
FN:12,(anonymous_1)
FN:13,(anonymous_2)
FN:21,(anonymous_3)
FN:27,(anonymous_4)
FN:32,(anonymous_5)
FN:33,(anonymous_6)
FN:48,(anonymous_7)
FN:50,(anonymous_8)
FN:68,(anonymous_9)
FN:70,(anonymous_10)
FN:82,(anonymous_11)
FN:97,(anonymous_12)
FN:101,(anonymous_13)
FN:105,(anonymous_14)
FN:115,(anonymous_15)
FN:125,(anonymous_16)
FN:129,(anonymous_17)
FN:133,(anonymous_18)
FN:138,(anonymous_19)
FN:142,(anonymous_20)
FN:146,(anonymous_21)
FNF:22
FNH:0
FNDA:0,(anonymous_0)
FNDA:0,(anonymous_1)
FNDA:0,(anonymous_2)
FNDA:0,(anonymous_3)
FNDA:0,(anonymous_4)
FNDA:0,(anonymous_5)
FNDA:0,(anonymous_6)
FNDA:0,(anonymous_7)
FNDA:0,(anonymous_8)
FNDA:0,(anonymous_9)
FNDA:0,(anonymous_10)
FNDA:0,(anonymous_11)
FNDA:0,(anonymous_12)
FNDA:0,(anonymous_13)
FNDA:0,(anonymous_14)
FNDA:0,(anonymous_15)
FNDA:0,(anonymous_16)
FNDA:0,(anonymous_17)
FNDA:0,(anonymous_18)
FNDA:0,(anonymous_19)
FNDA:0,(anonymous_20)
FNDA:0,(anonymous_21)
DA:5,0
DA:6,0
DA:7,0
DA:9,0
DA:12,0
DA:13,0
DA:15,0
DA:17,0
DA:18,0
DA:21,0
DA:22,0
DA:23,0
DA:24,0
DA:27,0
DA:28,0
DA:29,0
DA:32,0
DA:33,0
DA:34,0
DA:35,0
DA:36,0
DA:37,0
DA:38,0
DA:39,0
DA:40,0
DA:41,0
DA:42,0
DA:48,0
DA:49,0
DA:50,0
DA:51,0
DA:52,0
DA:53,0
DA:55,0
DA:56,0
DA:68,0
DA:69,0
DA:70,0
DA:71,0
DA:72,0
DA:75,0
DA:82,0
DA:83,0
DA:84,0
DA:85,0
DA:92,0
DA:93,0
DA:97,0
DA:98,0
DA:101,0
DA:102,0
DA:105,0
DA:106,0
DA:107,0
DA:111,0
DA:112,0
DA:115,0
DA:116,0
DA:117,0
DA:125,0
DA:126,0
DA:129,0
DA:130,0
DA:133,0
DA:134,0
DA:135,0
DA:138,0
DA:139,0
DA:142,0
DA:143,0
DA:146,0
DA:147,0
LF:72
LH:0
BRDA:7,0,0,0
BRDA:7,0,1,0
BRDA:17,1,0,0
BRDA:17,1,1,0
BRDA:34,2,0,0
BRDA:34,2,1,0
BRDA:39,3,0,0
BRDA:39,3,1,0
BRDA:69,4,0,0
BRDA:69,4,1,0
BRDA:69,5,0,0
BRDA:69,5,1,0
BRDA:69,5,2,0
BRDA:71,6,0,0
BRDA:71,6,1,0
BRDA:83,7,0,0
BRDA:83,7,1,0
BRF:17
BRH:0
end_of_record
TN:
SF:/Users/Josie/Travail/Red-Tetris/src/server/sockets/socket-functions.js
FN:19,(anonymous_0)
FN:23,(anonymous_1)
FN:25,(anonymous_2)
FN:28,(anonymous_3)
FN:36,(anonymous_4)
FN:42,(anonymous_5)
FN:47,(anonymous_6)
FN:54,(anonymous_7)
FN:65,(anonymous_8)
FN:69,(anonymous_9)
FN:70,(anonymous_10)
FN:81,(anonymous_11)
FN:95,(anonymous_12)
FN:98,(anonymous_13)
FN:99,(anonymous_14)
FN:105,(anonymous_15)
FN:111,(anonymous_16)
FN:130,(anonymous_17)
FN:136,(anonymous_18)
FN:165,(anonymous_19)
FNF:20
FNH:0
FNDA:0,(anonymous_0)
FNDA:0,(anonymous_1)
FNDA:0,(anonymous_2)
FNDA:0,(anonymous_3)
FNDA:0,(anonymous_4)
FNDA:0,(anonymous_5)
FNDA:0,(anonymous_6)
FNDA:0,(anonymous_7)
FNDA:0,(anonymous_8)
FNDA:0,(anonymous_9)
FNDA:0,(anonymous_10)
FNDA:0,(anonymous_11)
FNDA:0,(anonymous_12)
FNDA:0,(anonymous_13)
FNDA:0,(anonymous_14)
FNDA:0,(anonymous_15)
FNDA:0,(anonymous_16)
FNDA:0,(anonymous_17)
FNDA:0,(anonymous_18)
FNDA:0,(anonymous_19)
DA:4,0
DA:5,0
DA:6,0
DA:19,0
DA:20,0
DA:23,0
DA:24,0
DA:25,0
DA:28,0
DA:29,0
DA:30,0
DA:31,0
DA:33,0
DA:36,0
DA:37,0
DA:38,0
DA:42,0
DA:43,0
DA:44,0
DA:47,0
DA:48,0
DA:49,0
DA:50,0
DA:51,0
DA:54,0
DA:55,0
DA:56,0
DA:65,0
DA:66,0
DA:69,0
DA:70,0
DA:71,0
DA:72,0
DA:73,0
DA:81,0
DA:82,0
DA:83,0
DA:85,0
DA:86,0
DA:87,0
DA:89,0
DA:90,0
DA:95,0
DA:96,0
DA:98,0
DA:99,0
DA:100,0
DA:101,0
DA:105,0
DA:106,0
DA:107,0
DA:110,0
DA:111,0
DA:112,0
DA:113,0
DA:114,0
DA:115,0
DA:116,0
DA:118,0
DA:119,0
DA:122,0
DA:123,0
DA:127,0
DA:128,0
DA:130,0
DA:131,0
DA:132,0
DA:136,0
DA:137,0
DA:138,0
DA:140,0
DA:141,0
DA:142,0
DA:150,0
DA:151,0
DA:152,0
DA:161,0
DA:165,0
DA:166,0
DA:167,0
DA:168,0
DA:170,0
DA:171,0
DA:172,0
DA:173,0
DA:182,0
DA:183,0
DA:184,0
DA:185,0
DA:188,0
LF:90
LH:0
BRDA:30,0,0,0
BRDA:30,0,1,0
BRDA:83,1,0,0
BRDA:83,1,1,0
BRDA:83,2,0,0
BRDA:83,2,1,0
BRDA:83,2,2,0
BRDA:85,3,0,0
BRDA:85,3,1,0
BRDA:100,4,0,0
BRDA:100,4,1,0
BRDA:105,5,0,0
BRDA:105,5,1,0
BRDA:105,6,0,0
BRDA:105,6,1,0
BRDA:106,7,0,0
BRDA:106,7,1,0
BRDA:110,8,0,0
BRDA:110,8,1,0
BRDA:112,9,0,0
BRDA:112,9,1,0
BRDA:114,10,0,0
BRDA:114,10,1,0
BRDA:131,11,0,0
BRDA:131,11,1,0
BRDA:131,12,0,0
BRDA:131,12,1,0
BRDA:131,12,2,0
BRDA:132,13,0,0
BRDA:132,13,1,0
BRDA:132,14,0,0
BRDA:132,14,1,0
BRDA:132,14,2,0
BRDA:138,15,0,0
BRDA:138,15,1,0
BRDA:150,16,0,0
BRDA:150,16,1,0
BRDA:168,17,0,0
BRDA:168,17,1,0
BRDA:170,18,0,0
BRDA:170,18,1,0
BRDA:170,19,0,0
BRDA:170,19,1,0
BRDA:170,19,2,0
BRDA:170,19,3,0
BRDA:182,20,0,0
BRDA:182,20,1,0
BRDA:184,21,0,0
BRDA:184,21,1,0
BRDA:184,22,0,0
BRDA:184,22,1,0
BRF:51
BRH:0
end_of_record
